{"C:\\projects\\front\\react-2025\\first-steps\\src\\FirstStepsApp.tsx": {"path":"C:\\projects\\front\\react-2025\\first-steps\\src\\FirstStepsApp.tsx","all":false,"statementMap":{"0":{"start":{"line":1,"column":0},"end":{"line":1,"column":57}},"7":{"start":{"line":8,"column":0},"end":{"line":8,"column":37}},"8":{"start":{"line":9,"column":0},"end":{"line":9,"column":46}},"9":{"start":{"line":10,"column":0},"end":{"line":10,"column":43}},"10":{"start":{"line":11,"column":0},"end":{"line":11,"column":39}},"11":{"start":{"line":12,"column":0},"end":{"line":12,"column":1}},"12":{"start":{"line":13,"column":0},"end":{"line":13,"column":33}},"13":{"start":{"line":14,"column":0},"end":{"line":14,"column":10}},"14":{"start":{"line":15,"column":0},"end":{"line":15,"column":6}},"16":{"start":{"line":17,"column":0},"end":{"line":17,"column":112}},"20":{"start":{"line":21,"column":0},"end":{"line":21,"column":1}}},"s":{"0":1,"7":1,"8":1,"9":1,"10":1,"11":1,"12":1,"13":3,"14":3,"16":3,"20":3},"branchMap":{"0":{"type":"branch","line":13,"loc":{"start":{"line":13,"column":7},"end":{"line":21,"column":1}},"locations":[{"start":{"line":13,"column":7},"end":{"line":21,"column":1}}]}},"b":{"0":[3]},"fnMap":{"0":{"name":"FirstStepsApp","decl":{"start":{"line":13,"column":7},"end":{"line":21,"column":1}},"loc":{"start":{"line":13,"column":7},"end":{"line":21,"column":1}},"line":13}},"f":{"0":3}}
,"C:\\projects\\front\\react-2025\\first-steps\\src\\MyAwesomeApp.tsx": {"path":"C:\\projects\\front\\react-2025\\first-steps\\src\\MyAwesomeApp.tsx","all":false,"statementMap":{"2":{"start":{"line":3,"column":0},"end":{"line":3,"column":30}},"3":{"start":{"line":4,"column":0},"end":{"line":4,"column":26}},"4":{"start":{"line":5,"column":0},"end":{"line":5,"column":68}},"5":{"start":{"line":6,"column":0},"end":{"line":6,"column":22}},"7":{"start":{"line":8,"column":0},"end":{"line":8,"column":17}},"8":{"start":{"line":9,"column":0},"end":{"line":9,"column":21}},"9":{"start":{"line":10,"column":0},"end":{"line":10,"column":20}},"10":{"start":{"line":11,"column":0},"end":{"line":11,"column":2}},"12":{"start":{"line":13,"column":0},"end":{"line":13,"column":33}},"13":{"start":{"line":14,"column":0},"end":{"line":14,"column":25}},"14":{"start":{"line":15,"column":0},"end":{"line":15,"column":17}},"15":{"start":{"line":16,"column":0},"end":{"line":16,"column":18}},"16":{"start":{"line":17,"column":0},"end":{"line":17,"column":23}},"17":{"start":{"line":18,"column":0},"end":{"line":18,"column":19}},"18":{"start":{"line":19,"column":0},"end":{"line":19,"column":22}},"19":{"start":{"line":20,"column":0},"end":{"line":20,"column":21}},"20":{"start":{"line":21,"column":0},"end":{"line":21,"column":2}},"21":{"start":{"line":22,"column":0},"end":{"line":22,"column":32}},"22":{"start":{"line":23,"column":0},"end":{"line":23,"column":10}},"23":{"start":{"line":24,"column":0},"end":{"line":24,"column":6}},"24":{"start":{"line":25,"column":0},"end":{"line":25,"column":33}},"25":{"start":{"line":26,"column":0},"end":{"line":26,"column":61}},"26":{"start":{"line":27,"column":0},"end":{"line":27,"column":52}},"27":{"start":{"line":28,"column":0},"end":{"line":28,"column":46}},"28":{"start":{"line":29,"column":0},"end":{"line":29,"column":15}},"29":{"start":{"line":30,"column":0},"end":{"line":30,"column":59}},"30":{"start":{"line":31,"column":0},"end":{"line":31,"column":59}},"34":{"start":{"line":35,"column":0},"end":{"line":35,"column":1}}},"s":{"2":1,"3":1,"4":1,"5":1,"7":1,"8":1,"9":1,"10":1,"12":1,"13":1,"14":1,"15":1,"16":1,"17":1,"18":1,"19":1,"20":1,"21":1,"22":4,"23":4,"24":4,"25":4,"26":4,"27":4,"28":4,"29":4,"30":4,"34":4},"branchMap":{"0":{"type":"branch","line":22,"loc":{"start":{"line":22,"column":7},"end":{"line":35,"column":1}},"locations":[{"start":{"line":22,"column":7},"end":{"line":35,"column":1}}]},"1":{"type":"branch","line":30,"loc":{"start":{"line":30,"column":25},"end":{"line":30,"column":53}},"locations":[{"start":{"line":30,"column":25},"end":{"line":30,"column":53}}]}},"b":{"0":[4],"1":[0]},"fnMap":{"0":{"name":"MyAwesomeApp","decl":{"start":{"line":22,"column":7},"end":{"line":35,"column":1}},"loc":{"start":{"line":22,"column":7},"end":{"line":35,"column":1}},"line":22}},"f":{"0":4}}
,"C:\\projects\\front\\react-2025\\first-steps\\src\\main.tsx": {"path":"C:\\projects\\front\\react-2025\\first-steps\\src\\main.tsx","all":true,"statementMap":{"0":{"start":{"line":1,"column":0},"end":{"line":1,"column":46}},"1":{"start":{"line":2,"column":0},"end":{"line":2,"column":48}},"4":{"start":{"line":5,"column":0},"end":{"line":5,"column":52}},"5":{"start":{"line":6,"column":0},"end":{"line":6,"column":17}},"6":{"start":{"line":7,"column":0},"end":{"line":7,"column":4}},"7":{"start":{"line":8,"column":0},"end":{"line":8,"column":20}}},"s":{"0":0,"1":0,"4":0,"5":0,"6":0,"7":0},"branchMap":{"0":{"type":"branch","line":1,"loc":{"start":{"line":1,"column":251},"end":{"line":12,"column":2}},"locations":[{"start":{"line":1,"column":251},"end":{"line":12,"column":2}}]}},"b":{"0":[0]},"fnMap":{"0":{"name":"(empty-report)","decl":{"start":{"line":1,"column":251},"end":{"line":12,"column":2}},"loc":{"start":{"line":1,"column":251},"end":{"line":12,"column":2}},"line":1}},"f":{"0":0}}
,"C:\\projects\\front\\react-2025\\first-steps\\src\\ShoppingCart\\ItemCounter.tsx": {"path":"C:\\projects\\front\\react-2025\\first-steps\\src\\ShoppingCart\\ItemCounter.tsx","all":false,"statementMap":{"0":{"start":{"line":1,"column":0},"end":{"line":1,"column":32}},"2":{"start":{"line":3,"column":0},"end":{"line":3,"column":29}},"3":{"start":{"line":4,"column":0},"end":{"line":4,"column":45}},"10":{"start":{"line":11,"column":0},"end":{"line":11,"column":61}},"12":{"start":{"line":13,"column":0},"end":{"line":13,"column":48}},"14":{"start":{"line":15,"column":0},"end":{"line":15,"column":27}},"15":{"start":{"line":16,"column":0},"end":{"line":16,"column":35}},"16":{"start":{"line":17,"column":0},"end":{"line":17,"column":29}},"17":{"start":{"line":18,"column":0},"end":{"line":18,"column":25}},"18":{"start":{"line":19,"column":0},"end":{"line":19,"column":6}},"19":{"start":{"line":20,"column":0},"end":{"line":20,"column":3}},"20":{"start":{"line":21,"column":0},"end":{"line":21,"column":32}},"21":{"start":{"line":22,"column":0},"end":{"line":22,"column":29}},"22":{"start":{"line":23,"column":0},"end":{"line":23,"column":25}},"23":{"start":{"line":24,"column":0},"end":{"line":24,"column":28}},"24":{"start":{"line":25,"column":0},"end":{"line":25,"column":7}},"25":{"start":{"line":26,"column":0},"end":{"line":26,"column":22}},"26":{"start":{"line":27,"column":0},"end":{"line":27,"column":6}},"27":{"start":{"line":28,"column":0},"end":{"line":28,"column":3}},"29":{"start":{"line":30,"column":0},"end":{"line":30,"column":10}},"30":{"start":{"line":31,"column":0},"end":{"line":31,"column":13}},"31":{"start":{"line":32,"column":0},"end":{"line":32,"column":92}},"32":{"start":{"line":33,"column":0},"end":{"line":33,"column":36}},"34":{"start":{"line":35,"column":0},"end":{"line":35,"column":114}},"35":{"start":{"line":36,"column":0},"end":{"line":36,"column":15}},"36":{"start":{"line":37,"column":0},"end":{"line":37,"column":29}},"37":{"start":{"line":38,"column":0},"end":{"line":38,"column":21}},"38":{"start":{"line":39,"column":0},"end":{"line":39,"column":32}},"39":{"start":{"line":40,"column":0},"end":{"line":40,"column":54}},"40":{"start":{"line":41,"column":0},"end":{"line":41,"column":66}},"43":{"start":{"line":44,"column":0},"end":{"line":44,"column":1}}},"s":{"0":1,"2":1,"3":1,"10":1,"12":9,"14":9,"15":1,"16":1,"17":1,"18":1,"19":1,"20":9,"21":2,"22":2,"23":1,"24":1,"25":1,"26":1,"27":2,"29":9,"30":9,"31":9,"32":9,"34":9,"35":9,"36":9,"37":9,"38":9,"39":9,"40":9,"43":9},"branchMap":{"0":{"type":"branch","line":11,"loc":{"start":{"line":11,"column":27},"end":{"line":44,"column":1}},"locations":[{"start":{"line":11,"column":27},"end":{"line":44,"column":1}}]},"1":{"type":"branch","line":35,"loc":{"start":{"line":35,"column":39},"end":{"line":35,"column":51}},"locations":[{"start":{"line":35,"column":39},"end":{"line":35,"column":51}}]},"2":{"type":"branch","line":35,"loc":{"start":{"line":35,"column":43},"end":{"line":35,"column":58}},"locations":[{"start":{"line":35,"column":43},"end":{"line":35,"column":58}}]},"3":{"type":"branch","line":15,"loc":{"start":{"line":15,"column":20},"end":{"line":20,"column":3}},"locations":[{"start":{"line":15,"column":20},"end":{"line":20,"column":3}}]},"4":{"type":"branch","line":17,"loc":{"start":{"line":17,"column":13},"end":{"line":19,"column":6}},"locations":[{"start":{"line":17,"column":13},"end":{"line":19,"column":6}}]},"5":{"type":"branch","line":21,"loc":{"start":{"line":21,"column":25},"end":{"line":28,"column":3}},"locations":[{"start":{"line":21,"column":25},"end":{"line":28,"column":3}}]},"6":{"type":"branch","line":22,"loc":{"start":{"line":22,"column":13},"end":{"line":27,"column":6}},"locations":[{"start":{"line":22,"column":13},"end":{"line":27,"column":6}}]},"7":{"type":"branch","line":23,"loc":{"start":{"line":23,"column":24},"end":{"line":27,"column":6}},"locations":[{"start":{"line":23,"column":24},"end":{"line":27,"column":6}}]}},"b":{"0":[9],"1":[2],"2":[7],"3":[1],"4":[1],"5":[2],"6":[2],"7":[1]},"fnMap":{"0":{"name":"ItemCounter","decl":{"start":{"line":11,"column":27},"end":{"line":44,"column":1}},"loc":{"start":{"line":11,"column":27},"end":{"line":44,"column":1}},"line":11},"1":{"name":"handleAdd","decl":{"start":{"line":15,"column":20},"end":{"line":20,"column":3}},"loc":{"start":{"line":15,"column":20},"end":{"line":20,"column":3}},"line":15},"2":{"name":"handleSubtract","decl":{"start":{"line":21,"column":25},"end":{"line":28,"column":3}},"loc":{"start":{"line":21,"column":25},"end":{"line":28,"column":3}},"line":21}},"f":{"0":9,"1":1,"2":2}}
,"C:\\projects\\front\\react-2025\\first-steps\\src\\helpers\\math.helpers.ts": {"path":"C:\\projects\\front\\react-2025\\first-steps\\src\\helpers\\math.helpers.ts","all":false,"statementMap":{"0":{"start":{"line":1,"column":0},"end":{"line":1,"column":44}},"1":{"start":{"line":2,"column":0},"end":{"line":2,"column":10}},"3":{"start":{"line":4,"column":0},"end":{"line":4,"column":16}},"4":{"start":{"line":5,"column":0},"end":{"line":5,"column":1}},"6":{"start":{"line":7,"column":0},"end":{"line":7,"column":49}},"7":{"start":{"line":8,"column":0},"end":{"line":8,"column":26}},"8":{"start":{"line":9,"column":0},"end":{"line":9,"column":16}},"9":{"start":{"line":10,"column":0},"end":{"line":10,"column":5}},"10":{"start":{"line":11,"column":0},"end":{"line":11,"column":16}},"11":{"start":{"line":12,"column":0},"end":{"line":12,"column":1}},"13":{"start":{"line":14,"column":0},"end":{"line":14,"column":49}},"14":{"start":{"line":15,"column":0},"end":{"line":15,"column":16}},"15":{"start":{"line":16,"column":0},"end":{"line":16,"column":1}},"17":{"start":{"line":18,"column":0},"end":{"line":18,"column":47}},"18":{"start":{"line":19,"column":0},"end":{"line":19,"column":16}},"19":{"start":{"line":20,"column":0},"end":{"line":20,"column":1}}},"s":{"0":1,"1":1,"3":1,"4":1,"6":1,"7":3,"8":1,"9":1,"10":2,"11":2,"13":1,"14":2,"15":2,"17":1,"18":1,"19":1},"branchMap":{"0":{"type":"branch","line":1,"loc":{"start":{"line":1,"column":19},"end":{"line":5,"column":1}},"locations":[{"start":{"line":1,"column":19},"end":{"line":5,"column":1}}]},"1":{"type":"branch","line":7,"loc":{"start":{"line":7,"column":24},"end":{"line":12,"column":1}},"locations":[{"start":{"line":7,"column":24},"end":{"line":12,"column":1}}]},"2":{"type":"branch","line":8,"loc":{"start":{"line":8,"column":12},"end":{"line":8,"column":25}},"locations":[{"start":{"line":8,"column":12},"end":{"line":8,"column":25}}]},"3":{"type":"branch","line":8,"loc":{"start":{"line":8,"column":25},"end":{"line":10,"column":5}},"locations":[{"start":{"line":8,"column":25},"end":{"line":10,"column":5}}]},"4":{"type":"branch","line":10,"loc":{"start":{"line":10,"column":4},"end":{"line":12,"column":1}},"locations":[{"start":{"line":10,"column":4},"end":{"line":12,"column":1}}]},"5":{"type":"branch","line":14,"loc":{"start":{"line":14,"column":24},"end":{"line":16,"column":1}},"locations":[{"start":{"line":14,"column":24},"end":{"line":16,"column":1}}]},"6":{"type":"branch","line":18,"loc":{"start":{"line":18,"column":22},"end":{"line":20,"column":1}},"locations":[{"start":{"line":18,"column":22},"end":{"line":20,"column":1}}]}},"b":{"0":[1],"1":[3],"2":[2],"3":[1],"4":[2],"5":[2],"6":[1]},"fnMap":{"0":{"name":"add","decl":{"start":{"line":1,"column":19},"end":{"line":5,"column":1}},"loc":{"start":{"line":1,"column":19},"end":{"line":5,"column":1}},"line":1},"1":{"name":"subtract","decl":{"start":{"line":7,"column":24},"end":{"line":12,"column":1}},"loc":{"start":{"line":7,"column":24},"end":{"line":12,"column":1}},"line":7},"2":{"name":"multiply","decl":{"start":{"line":14,"column":24},"end":{"line":16,"column":1}},"loc":{"start":{"line":14,"column":24},"end":{"line":16,"column":1}},"line":14},"3":{"name":"divide","decl":{"start":{"line":18,"column":22},"end":{"line":20,"column":1}},"loc":{"start":{"line":18,"column":22},"end":{"line":20,"column":1}},"line":18}},"f":{"0":1,"1":3,"2":2,"3":1}}
}
