{"C:\\projects\\front\\react-2025\\gifsApp\\src\\main.tsx": {"path":"C:\\projects\\front\\react-2025\\gifsApp\\src\\main.tsx","all":true,"statementMap":{"0":{"start":{"line":1,"column":0},"end":{"line":1,"column":34}},"1":{"start":{"line":2,"column":0},"end":{"line":2,"column":45}},"2":{"start":{"line":3,"column":0},"end":{"line":3,"column":64}},"3":{"start":{"line":4,"column":0},"end":{"line":4,"column":40}},"5":{"start":{"line":6,"column":0},"end":{"line":6,"column":20}},"7":{"start":{"line":8,"column":0},"end":{"line":8,"column":52}},"8":{"start":{"line":9,"column":0},"end":{"line":9,"column":14}},"9":{"start":{"line":10,"column":0},"end":{"line":10,"column":14}},"10":{"start":{"line":11,"column":0},"end":{"line":11,"column":19}}},"s":{"0":0,"1":0,"2":0,"3":0,"5":0,"7":0,"8":0,"9":0,"10":0},"branchMap":{"0":{"type":"branch","line":1,"loc":{"start":{"line":1,"column":331},"end":{"line":13,"column":1}},"locations":[{"start":{"line":1,"column":331},"end":{"line":13,"column":1}}]}},"b":{"0":[0]},"fnMap":{"0":{"name":"(empty-report)","decl":{"start":{"line":1,"column":331},"end":{"line":13,"column":1}},"loc":{"start":{"line":1,"column":331},"end":{"line":13,"column":1}},"line":1}},"f":{"0":0}}
,"C:\\projects\\front\\react-2025\\gifsApp\\src\\counter\\components\\MyCounterApp.tsx": {"path":"C:\\projects\\front\\react-2025\\gifsApp\\src\\counter\\components\\MyCounterApp.tsx","all":false,"statementMap":{"0":{"start":{"line":1,"column":0},"end":{"line":1,"column":48}},"2":{"start":{"line":3,"column":0},"end":{"line":3,"column":35}},"4":{"start":{"line":5,"column":0},"end":{"line":5,"column":76}},"6":{"start":{"line":7,"column":0},"end":{"line":7,"column":10}},"7":{"start":{"line":8,"column":0},"end":{"line":8,"column":101}},"8":{"start":{"line":9,"column":0},"end":{"line":9,"column":35}},"10":{"start":{"line":11,"column":0},"end":{"line":11,"column":71}},"11":{"start":{"line":12,"column":0},"end":{"line":12,"column":51}},"12":{"start":{"line":13,"column":0},"end":{"line":13,"column":58}},"13":{"start":{"line":14,"column":0},"end":{"line":14,"column":57}},"17":{"start":{"line":18,"column":0},"end":{"line":18,"column":1}}},"s":{"0":1,"2":1,"4":8,"6":8,"7":8,"8":8,"10":8,"11":8,"12":8,"13":8,"17":8},"branchMap":{"0":{"type":"branch","line":3,"loc":{"start":{"line":3,"column":28},"end":{"line":18,"column":1}},"locations":[{"start":{"line":3,"column":28},"end":{"line":18,"column":1}}]}},"b":{"0":[8]},"fnMap":{"0":{"name":"MyCounterApp","decl":{"start":{"line":3,"column":28},"end":{"line":18,"column":1}},"loc":{"start":{"line":3,"column":28},"end":{"line":18,"column":1}},"line":3}},"f":{"0":8}}
,"C:\\projects\\front\\react-2025\\gifsApp\\src\\counter\\hooks\\useCounter.tsx": {"path":"C:\\projects\\front\\react-2025\\gifsApp\\src\\counter\\hooks\\useCounter.tsx","all":false,"statementMap":{"0":{"start":{"line":1,"column":0},"end":{"line":1,"column":32}},"2":{"start":{"line":3,"column":0},"end":{"line":3,"column":49}},"4":{"start":{"line":5,"column":0},"end":{"line":5,"column":56}},"6":{"start":{"line":7,"column":0},"end":{"line":7,"column":29}},"7":{"start":{"line":8,"column":0},"end":{"line":8,"column":34}},"8":{"start":{"line":9,"column":0},"end":{"line":9,"column":5}},"10":{"start":{"line":11,"column":0},"end":{"line":11,"column":32}},"11":{"start":{"line":12,"column":0},"end":{"line":12,"column":35}},"12":{"start":{"line":13,"column":0},"end":{"line":13,"column":5}},"14":{"start":{"line":15,"column":0},"end":{"line":15,"column":31}},"15":{"start":{"line":16,"column":0},"end":{"line":16,"column":32}},"16":{"start":{"line":17,"column":0},"end":{"line":17,"column":5}},"18":{"start":{"line":19,"column":0},"end":{"line":19,"column":12}},"19":{"start":{"line":20,"column":0},"end":{"line":20,"column":16}},"20":{"start":{"line":21,"column":0},"end":{"line":21,"column":16}},"21":{"start":{"line":22,"column":0},"end":{"line":22,"column":18}},"22":{"start":{"line":23,"column":0},"end":{"line":23,"column":18}},"23":{"start":{"line":24,"column":0},"end":{"line":24,"column":20}},"24":{"start":{"line":25,"column":0},"end":{"line":25,"column":23}},"25":{"start":{"line":26,"column":0},"end":{"line":26,"column":5}},"26":{"start":{"line":27,"column":0},"end":{"line":27,"column":1}}},"s":{"0":1,"2":1,"4":17,"6":17,"7":2,"8":2,"10":17,"11":5,"12":5,"14":17,"15":2,"16":2,"18":17,"19":17,"20":17,"21":17,"22":17,"23":17,"24":17,"25":17,"26":17},"branchMap":{"0":{"type":"branch","line":3,"loc":{"start":{"line":3,"column":26},"end":{"line":27,"column":1}},"locations":[{"start":{"line":3,"column":26},"end":{"line":27,"column":1}}]},"1":{"type":"branch","line":7,"loc":{"start":{"line":7,"column":22},"end":{"line":9,"column":5}},"locations":[{"start":{"line":7,"column":22},"end":{"line":9,"column":5}}]},"2":{"type":"branch","line":8,"loc":{"start":{"line":8,"column":19},"end":{"line":8,"column":34}},"locations":[{"start":{"line":8,"column":19},"end":{"line":8,"column":34}}]},"3":{"type":"branch","line":11,"loc":{"start":{"line":11,"column":26},"end":{"line":13,"column":5}},"locations":[{"start":{"line":11,"column":26},"end":{"line":13,"column":5}}]},"4":{"type":"branch","line":12,"loc":{"start":{"line":12,"column":19},"end":{"line":12,"column":35}},"locations":[{"start":{"line":12,"column":19},"end":{"line":12,"column":35}}]},"5":{"type":"branch","line":15,"loc":{"start":{"line":15,"column":24},"end":{"line":17,"column":5}},"locations":[{"start":{"line":15,"column":24},"end":{"line":17,"column":5}}]}},"b":{"0":[17],"1":[2],"2":[2],"3":[5],"4":[5],"5":[2]},"fnMap":{"0":{"name":"useCounter","decl":{"start":{"line":3,"column":26},"end":{"line":27,"column":1}},"loc":{"start":{"line":3,"column":26},"end":{"line":27,"column":1}},"line":3},"1":{"name":"handleAdd","decl":{"start":{"line":7,"column":22},"end":{"line":9,"column":5}},"loc":{"start":{"line":7,"column":22},"end":{"line":9,"column":5}},"line":7},"2":{"name":"handleSubtract","decl":{"start":{"line":11,"column":26},"end":{"line":13,"column":5}},"loc":{"start":{"line":11,"column":26},"end":{"line":13,"column":5}},"line":11},"3":{"name":"handleReset","decl":{"start":{"line":15,"column":24},"end":{"line":17,"column":5}},"loc":{"start":{"line":15,"column":24},"end":{"line":17,"column":5}},"line":15}},"f":{"0":17,"1":2,"2":5,"3":2}}
,"C:\\projects\\front\\react-2025\\gifsApp\\src\\gifs\\GifsApp.tsx": {"path":"C:\\projects\\front\\react-2025\\gifsApp\\src\\gifs\\GifsApp.tsx","all":false,"statementMap":{"1":{"start":{"line":2,"column":0},"end":{"line":2,"column":57}},"3":{"start":{"line":4,"column":0},"end":{"line":4,"column":65}},"4":{"start":{"line":5,"column":0},"end":{"line":5,"column":62}},"5":{"start":{"line":6,"column":0},"end":{"line":6,"column":47}},"6":{"start":{"line":7,"column":0},"end":{"line":7,"column":41}},"9":{"start":{"line":10,"column":0},"end":{"line":10,"column":30}},"11":{"start":{"line":12,"column":0},"end":{"line":12,"column":77}},"13":{"start":{"line":14,"column":0},"end":{"line":14,"column":10}},"14":{"start":{"line":15,"column":0},"end":{"line":15,"column":6}},"16":{"start":{"line":17,"column":0},"end":{"line":17,"column":19}},"17":{"start":{"line":18,"column":0},"end":{"line":18,"column":33}},"18":{"start":{"line":19,"column":0},"end":{"line":19,"column":64}},"21":{"start":{"line":22,"column":0},"end":{"line":22,"column":72}},"23":{"start":{"line":24,"column":0},"end":{"line":24,"column":19}},"24":{"start":{"line":25,"column":0},"end":{"line":25,"column":32}},"25":{"start":{"line":26,"column":0},"end":{"line":26,"column":41}},"28":{"start":{"line":29,"column":0},"end":{"line":29,"column":29}},"31":{"start":{"line":32,"column":0},"end":{"line":32,"column":2}}},"s":{"1":1,"3":1,"4":1,"5":1,"6":1,"9":1,"11":1,"13":1,"14":1,"16":1,"17":1,"18":1,"21":1,"23":1,"24":1,"25":1,"28":1,"31":1},"branchMap":{"0":{"type":"branch","line":10,"loc":{"start":{"line":10,"column":23},"end":{"line":32,"column":2}},"locations":[{"start":{"line":10,"column":23},"end":{"line":32,"column":2}}]}},"b":{"0":[1]},"fnMap":{"0":{"name":"GifsApp","decl":{"start":{"line":10,"column":23},"end":{"line":32,"column":2}},"loc":{"start":{"line":10,"column":23},"end":{"line":32,"column":2}},"line":10}},"f":{"0":1}}
,"C:\\projects\\front\\react-2025\\gifsApp\\src\\gifs\\actions\\get-gifs-by-query.ts": {"path":"C:\\projects\\front\\react-2025\\gifsApp\\src\\gifs\\actions\\get-gifs-by-query.ts","all":false,"statementMap":{"2":{"start":{"line":3,"column":0},"end":{"line":3,"column":44}},"4":{"start":{"line":5,"column":0},"end":{"line":5,"column":77}},"5":{"start":{"line":6,"column":0},"end":{"line":6,"column":34}},"6":{"start":{"line":7,"column":0},"end":{"line":7,"column":14}},"7":{"start":{"line":8,"column":0},"end":{"line":8,"column":3}},"9":{"start":{"line":10,"column":0},"end":{"line":10,"column":7}},"10":{"start":{"line":11,"column":0},"end":{"line":11,"column":63}},"11":{"start":{"line":12,"column":0},"end":{"line":12,"column":15}},"12":{"start":{"line":13,"column":0},"end":{"line":13,"column":17}},"13":{"start":{"line":14,"column":0},"end":{"line":14,"column":18}},"14":{"start":{"line":15,"column":0},"end":{"line":15,"column":8}},"15":{"start":{"line":16,"column":0},"end":{"line":16,"column":7}},"17":{"start":{"line":18,"column":0},"end":{"line":18,"column":45}},"18":{"start":{"line":19,"column":0},"end":{"line":19,"column":17}},"19":{"start":{"line":20,"column":0},"end":{"line":20,"column":23}},"20":{"start":{"line":21,"column":0},"end":{"line":21,"column":35}},"21":{"start":{"line":22,"column":0},"end":{"line":22,"column":47}},"22":{"start":{"line":23,"column":0},"end":{"line":23,"column":49}},"23":{"start":{"line":24,"column":0},"end":{"line":24,"column":8}},"24":{"start":{"line":25,"column":0},"end":{"line":25,"column":19}},"25":{"start":{"line":26,"column":0},"end":{"line":26,"column":25}},"26":{"start":{"line":27,"column":0},"end":{"line":27,"column":14}},"27":{"start":{"line":28,"column":0},"end":{"line":28,"column":3}},"28":{"start":{"line":29,"column":0},"end":{"line":29,"column":2}}},"s":{"2":1,"4":1,"5":6,"6":1,"7":1,"9":5,"10":5,"11":5,"12":5,"13":5,"14":5,"15":5,"17":4,"18":35,"19":35,"20":35,"21":35,"22":35,"23":35,"24":4,"25":1,"26":1,"27":1,"28":6},"branchMap":{"0":{"type":"branch","line":5,"loc":{"start":{"line":5,"column":30},"end":{"line":29,"column":2}},"locations":[{"start":{"line":5,"column":30},"end":{"line":29,"column":2}}]},"1":{"type":"branch","line":6,"loc":{"start":{"line":6,"column":33},"end":{"line":8,"column":3}},"locations":[{"start":{"line":6,"column":33},"end":{"line":8,"column":3}}]},"2":{"type":"branch","line":8,"loc":{"start":{"line":8,"column":2},"end":{"line":16,"column":7}},"locations":[{"start":{"line":8,"column":2},"end":{"line":16,"column":7}}]},"3":{"type":"branch","line":16,"loc":{"start":{"line":16,"column":4},"end":{"line":28,"column":3}},"locations":[{"start":{"line":16,"column":4},"end":{"line":28,"column":3}}]},"4":{"type":"branch","line":25,"loc":{"start":{"line":25,"column":4},"end":{"line":28,"column":3}},"locations":[{"start":{"line":25,"column":4},"end":{"line":28,"column":3}}]},"5":{"type":"branch","line":18,"loc":{"start":{"line":18,"column":34},"end":{"line":24,"column":8}},"locations":[{"start":{"line":18,"column":34},"end":{"line":24,"column":8}}]}},"b":{"0":[6],"1":[1],"2":[5],"3":[4],"4":[1],"5":[35]},"fnMap":{"0":{"name":"getGifsByQuery","decl":{"start":{"line":5,"column":30},"end":{"line":29,"column":2}},"loc":{"start":{"line":5,"column":30},"end":{"line":29,"column":2}},"line":5}},"f":{"0":6}}
,"C:\\projects\\front\\react-2025\\gifsApp\\src\\gifs\\api\\giphy.api.ts": {"path":"C:\\projects\\front\\react-2025\\gifsApp\\src\\gifs\\api\\giphy.api.ts","all":false,"statementMap":{"0":{"start":{"line":1,"column":0},"end":{"line":1,"column":26}},"2":{"start":{"line":3,"column":0},"end":{"line":3,"column":38}},"3":{"start":{"line":4,"column":0},"end":{"line":4,"column":43}},"4":{"start":{"line":5,"column":0},"end":{"line":5,"column":11}},"5":{"start":{"line":6,"column":0},"end":{"line":6,"column":15}},"6":{"start":{"line":7,"column":0},"end":{"line":7,"column":48}},"7":{"start":{"line":8,"column":0},"end":{"line":8,"column":4}},"8":{"start":{"line":9,"column":0},"end":{"line":9,"column":3}}},"s":{"0":1,"2":1,"3":1,"4":1,"5":1,"6":1,"7":1,"8":1},"branchMap":{},"b":{},"fnMap":{},"f":{}}
,"C:\\projects\\front\\react-2025\\gifsApp\\src\\gifs\\components\\GifList.tsx": {"path":"C:\\projects\\front\\react-2025\\gifsApp\\src\\gifs\\components\\GifList.tsx","all":false,"statementMap":{"5":{"start":{"line":6,"column":0},"end":{"line":6,"column":45}},"6":{"start":{"line":7,"column":0},"end":{"line":7,"column":10}},"7":{"start":{"line":8,"column":0},"end":{"line":8,"column":6}},"8":{"start":{"line":9,"column":0},"end":{"line":9,"column":38}},"9":{"start":{"line":10,"column":0},"end":{"line":10,"column":28}},"10":{"start":{"line":11,"column":0},"end":{"line":11,"column":49}},"11":{"start":{"line":12,"column":0},"end":{"line":12,"column":49}},"12":{"start":{"line":13,"column":0},"end":{"line":13,"column":34}},"13":{"start":{"line":14,"column":0},"end":{"line":14,"column":15}},"14":{"start":{"line":15,"column":0},"end":{"line":15,"column":48}},"21":{"start":{"line":22,"column":0},"end":{"line":22,"column":2}}},"s":{"5":1,"6":1,"7":1,"8":1,"9":1,"10":1,"11":1,"12":1,"13":1,"14":1,"21":1},"branchMap":{"0":{"type":"branch","line":6,"loc":{"start":{"line":6,"column":23},"end":{"line":22,"column":2}},"locations":[{"start":{"line":6,"column":23},"end":{"line":22,"column":2}}]}},"b":{"0":[1]},"fnMap":{"0":{"name":"GifList","decl":{"start":{"line":6,"column":23},"end":{"line":22,"column":2}},"loc":{"start":{"line":6,"column":23},"end":{"line":22,"column":2}},"line":6}},"f":{"0":1}}
,"C:\\projects\\front\\react-2025\\gifsApp\\src\\gifs\\components\\PreviousGifs.tsx": {"path":"C:\\projects\\front\\react-2025\\gifsApp\\src\\gifs\\components\\PreviousGifs.tsx","all":false,"statementMap":{"7":{"start":{"line":8,"column":0},"end":{"line":8,"column":71}},"8":{"start":{"line":9,"column":0},"end":{"line":9,"column":10}},"9":{"start":{"line":10,"column":0},"end":{"line":10,"column":39}},"10":{"start":{"line":11,"column":0},"end":{"line":11,"column":32}},"11":{"start":{"line":12,"column":0},"end":{"line":12,"column":45}},"13":{"start":{"line":14,"column":0},"end":{"line":14,"column":106}},"18":{"start":{"line":19,"column":0},"end":{"line":19,"column":2}}},"s":{"7":1,"8":1,"9":1,"10":1,"11":1,"13":1,"18":1},"branchMap":{"0":{"type":"branch","line":8,"loc":{"start":{"line":8,"column":38},"end":{"line":19,"column":2}},"locations":[{"start":{"line":8,"column":38},"end":{"line":19,"column":2}}]}},"b":{"0":[1]},"fnMap":{"0":{"name":"PreviousGifs","decl":{"start":{"line":8,"column":38},"end":{"line":19,"column":2}},"loc":{"start":{"line":8,"column":38},"end":{"line":19,"column":2}},"line":8}},"f":{"0":1}}
,"C:\\projects\\front\\react-2025\\gifsApp\\src\\gifs\\hooks\\useGifs.tsx": {"path":"C:\\projects\\front\\react-2025\\gifsApp\\src\\gifs\\hooks\\useGifs.tsx","all":false,"statementMap":{"0":{"start":{"line":1,"column":0},"end":{"line":1,"column":41}},"2":{"start":{"line":3,"column":0},"end":{"line":3,"column":62}},"4":{"start":{"line":5,"column":0},"end":{"line":5,"column":47}},"6":{"start":{"line":7,"column":0},"end":{"line":7,"column":30}},"7":{"start":{"line":8,"column":0},"end":{"line":8,"column":46}},"8":{"start":{"line":9,"column":0},"end":{"line":9,"column":67}},"10":{"start":{"line":11,"column":0},"end":{"line":11,"column":53}},"12":{"start":{"line":13,"column":0},"end":{"line":13,"column":54}},"13":{"start":{"line":14,"column":0},"end":{"line":14,"column":34}},"14":{"start":{"line":15,"column":0},"end":{"line":15,"column":40}},"15":{"start":{"line":16,"column":0},"end":{"line":16,"column":14}},"16":{"start":{"line":17,"column":0},"end":{"line":17,"column":5}},"17":{"start":{"line":18,"column":0},"end":{"line":18,"column":44}},"18":{"start":{"line":19,"column":0},"end":{"line":19,"column":18}},"19":{"start":{"line":20,"column":0},"end":{"line":20,"column":35}},"20":{"start":{"line":21,"column":0},"end":{"line":21,"column":4}},"22":{"start":{"line":23,"column":0},"end":{"line":23,"column":54}},"23":{"start":{"line":24,"column":0},"end":{"line":24,"column":31}},"25":{"start":{"line":26,"column":0},"end":{"line":26,"column":35}},"26":{"start":{"line":27,"column":0},"end":{"line":27,"column":46}},"28":{"start":{"line":29,"column":0},"end":{"line":29,"column":70}},"29":{"start":{"line":30,"column":0},"end":{"line":30,"column":53}},"30":{"start":{"line":31,"column":0},"end":{"line":31,"column":26}},"32":{"start":{"line":33,"column":0},"end":{"line":33,"column":36}},"33":{"start":{"line":34,"column":0},"end":{"line":34,"column":4}},"35":{"start":{"line":36,"column":0},"end":{"line":36,"column":10}},"36":{"start":{"line":37,"column":0},"end":{"line":37,"column":9}},"37":{"start":{"line":38,"column":0},"end":{"line":38,"column":18}},"38":{"start":{"line":39,"column":0},"end":{"line":39,"column":17}},"39":{"start":{"line":40,"column":0},"end":{"line":40,"column":23}},"40":{"start":{"line":41,"column":0},"end":{"line":41,"column":4}},"41":{"start":{"line":42,"column":0},"end":{"line":42,"column":2}}},"s":{"0":1,"2":1,"4":1,"6":1,"7":18,"8":18,"10":18,"12":18,"13":2,"14":0,"15":0,"16":0,"17":2,"18":2,"19":2,"20":2,"22":18,"23":10,"25":10,"26":10,"28":10,"29":10,"30":10,"32":10,"33":10,"35":18,"36":18,"37":18,"38":18,"39":18,"40":18,"41":18},"branchMap":{"0":{"type":"branch","line":7,"loc":{"start":{"line":7,"column":23},"end":{"line":42,"column":2}},"locations":[{"start":{"line":7,"column":23},"end":{"line":42,"column":2}}]},"1":{"type":"branch","line":13,"loc":{"start":{"line":13,"column":29},"end":{"line":21,"column":4}},"locations":[{"start":{"line":13,"column":29},"end":{"line":21,"column":4}}]},"2":{"type":"branch","line":14,"loc":{"start":{"line":14,"column":33},"end":{"line":17,"column":5}},"locations":[{"start":{"line":14,"column":33},"end":{"line":17,"column":5}}]},"3":{"type":"branch","line":23,"loc":{"start":{"line":23,"column":23},"end":{"line":34,"column":4}},"locations":[{"start":{"line":23,"column":23},"end":{"line":34,"column":4}}]},"4":{"type":"branch","line":26,"loc":{"start":{"line":26,"column":28},"end":{"line":26,"column":35}},"locations":[{"start":{"line":26,"column":28},"end":{"line":26,"column":35}}]},"5":{"type":"branch","line":27,"loc":{"start":{"line":27,"column":39},"end":{"line":27,"column":46}},"locations":[{"start":{"line":27,"column":39},"end":{"line":27,"column":46}}]},"6":{"type":"branch","line":29,"loc":{"start":{"line":29,"column":21},"end":{"line":29,"column":70}},"locations":[{"start":{"line":29,"column":21},"end":{"line":29,"column":70}}]}},"b":{"0":[18],"1":[2],"2":[0],"3":[10],"4":[0],"5":[0],"6":[10]},"fnMap":{"0":{"name":"useGifs","decl":{"start":{"line":7,"column":23},"end":{"line":42,"column":2}},"loc":{"start":{"line":7,"column":23},"end":{"line":42,"column":2}},"line":7},"1":{"name":"handleTermsClicked","decl":{"start":{"line":13,"column":29},"end":{"line":21,"column":4}},"loc":{"start":{"line":13,"column":29},"end":{"line":21,"column":4}},"line":13},"2":{"name":"handleSearch","decl":{"start":{"line":23,"column":23},"end":{"line":34,"column":4}},"loc":{"start":{"line":23,"column":23},"end":{"line":34,"column":4}},"line":23}},"f":{"0":18,"1":2,"2":10}}
,"C:\\projects\\front\\react-2025\\gifsApp\\src\\gifs\\interfaces\\gif.interface.ts": {"path":"C:\\projects\\front\\react-2025\\gifsApp\\src\\gifs\\interfaces\\gif.interface.ts","all":true,"statementMap":{},"s":{},"branchMap":{"0":{"type":"branch","line":1,"loc":{"start":{"line":1,"column":111},"end":{"line":7,"column":1}},"locations":[{"start":{"line":1,"column":111},"end":{"line":7,"column":1}}]}},"b":{"0":[1]},"fnMap":{"0":{"name":"(empty-report)","decl":{"start":{"line":1,"column":111},"end":{"line":7,"column":1}},"loc":{"start":{"line":1,"column":111},"end":{"line":7,"column":1}},"line":1}},"f":{"0":1}}
,"C:\\projects\\front\\react-2025\\gifsApp\\src\\gifs\\interfaces\\giphy.response.ts": {"path":"C:\\projects\\front\\react-2025\\gifsApp\\src\\gifs\\interfaces\\giphy.response.ts","all":true,"statementMap":{},"s":{},"branchMap":{"0":{"type":"branch","line":1,"loc":{"start":{"line":1,"column":3508},"end":{"line":129,"column":1}},"locations":[{"start":{"line":1,"column":3508},"end":{"line":129,"column":1}}]}},"b":{"0":[1]},"fnMap":{"0":{"name":"(empty-report)","decl":{"start":{"line":1,"column":3508},"end":{"line":129,"column":1}},"loc":{"start":{"line":1,"column":3508},"end":{"line":129,"column":1}},"line":1}},"f":{"0":1}}
,"C:\\projects\\front\\react-2025\\gifsApp\\src\\mockData\\gifs.mock.data.ts": {"path":"C:\\projects\\front\\react-2025\\gifsApp\\src\\mockData\\gifs.mock.data.ts","all":false,"statementMap":{"2":{"start":{"line":3,"column":0},"end":{"line":3,"column":30}},"3":{"start":{"line":4,"column":0},"end":{"line":4,"column":13}},"4":{"start":{"line":5,"column":0},"end":{"line":5,"column":9}},"5":{"start":{"line":6,"column":0},"end":{"line":6,"column":26}},"6":{"start":{"line":7,"column":0},"end":{"line":7,"column":39}},"7":{"start":{"line":8,"column":0},"end":{"line":8,"column":117}},"8":{"start":{"line":9,"column":0},"end":{"line":9,"column":95}},"9":{"start":{"line":10,"column":0},"end":{"line":10,"column":56}},"10":{"start":{"line":11,"column":0},"end":{"line":11,"column":52}},"11":{"start":{"line":12,"column":0},"end":{"line":12,"column":70}},"12":{"start":{"line":13,"column":0},"end":{"line":13,"column":27}},"13":{"start":{"line":14,"column":0},"end":{"line":14,"column":25}},"14":{"start":{"line":15,"column":0},"end":{"line":15,"column":78}},"15":{"start":{"line":16,"column":0},"end":{"line":16,"column":26}},"16":{"start":{"line":17,"column":0},"end":{"line":17,"column":30}},"17":{"start":{"line":18,"column":0},"end":{"line":18,"column":29}},"18":{"start":{"line":19,"column":0},"end":{"line":19,"column":34}},"19":{"start":{"line":20,"column":0},"end":{"line":20,"column":33}},"20":{"start":{"line":21,"column":0},"end":{"line":21,"column":28}},"21":{"start":{"line":22,"column":0},"end":{"line":22,"column":53}},"22":{"start":{"line":23,"column":0},"end":{"line":23,"column":55}},"23":{"start":{"line":24,"column":0},"end":{"line":24,"column":23}},"24":{"start":{"line":25,"column":0},"end":{"line":25,"column":29}},"25":{"start":{"line":26,"column":0},"end":{"line":26,"column":36}},"26":{"start":{"line":27,"column":0},"end":{"line":27,"column":35}},"27":{"start":{"line":28,"column":0},"end":{"line":28,"column":38}},"28":{"start":{"line":29,"column":0},"end":{"line":29,"column":193}},"29":{"start":{"line":30,"column":0},"end":{"line":30,"column":41}},"30":{"start":{"line":31,"column":0},"end":{"line":31,"column":193}},"31":{"start":{"line":32,"column":0},"end":{"line":32,"column":43}},"32":{"start":{"line":33,"column":0},"end":{"line":33,"column":195}},"33":{"start":{"line":34,"column":0},"end":{"line":34,"column":35}},"34":{"start":{"line":35,"column":0},"end":{"line":35,"column":62}},"35":{"start":{"line":36,"column":0},"end":{"line":36,"column":18}},"36":{"start":{"line":37,"column":0},"end":{"line":37,"column":30}},"37":{"start":{"line":38,"column":0},"end":{"line":38,"column":36}},"38":{"start":{"line":39,"column":0},"end":{"line":39,"column":35}},"39":{"start":{"line":40,"column":0},"end":{"line":40,"column":38}},"40":{"start":{"line":41,"column":0},"end":{"line":41,"column":202}},"41":{"start":{"line":42,"column":0},"end":{"line":42,"column":18}},"42":{"start":{"line":43,"column":0},"end":{"line":43,"column":36}},"43":{"start":{"line":44,"column":0},"end":{"line":44,"column":36}},"44":{"start":{"line":45,"column":0},"end":{"line":45,"column":35}},"45":{"start":{"line":46,"column":0},"end":{"line":46,"column":38}},"46":{"start":{"line":47,"column":0},"end":{"line":47,"column":192}},"47":{"start":{"line":48,"column":0},"end":{"line":48,"column":18}},"48":{"start":{"line":49,"column":0},"end":{"line":49,"column":37}},"49":{"start":{"line":50,"column":0},"end":{"line":50,"column":36}},"50":{"start":{"line":51,"column":0},"end":{"line":51,"column":35}},"51":{"start":{"line":52,"column":0},"end":{"line":52,"column":38}},"52":{"start":{"line":53,"column":0},"end":{"line":53,"column":192}},"53":{"start":{"line":54,"column":0},"end":{"line":54,"column":18}},"54":{"start":{"line":55,"column":0},"end":{"line":55,"column":36}},"55":{"start":{"line":56,"column":0},"end":{"line":56,"column":36}},"56":{"start":{"line":57,"column":0},"end":{"line":57,"column":35}},"57":{"start":{"line":58,"column":0},"end":{"line":58,"column":41}},"58":{"start":{"line":59,"column":0},"end":{"line":59,"column":208}},"59":{"start":{"line":60,"column":0},"end":{"line":60,"column":18}},"60":{"start":{"line":61,"column":0},"end":{"line":61,"column":36}},"61":{"start":{"line":62,"column":0},"end":{"line":62,"column":36}},"62":{"start":{"line":63,"column":0},"end":{"line":63,"column":35}},"63":{"start":{"line":64,"column":0},"end":{"line":64,"column":36}},"64":{"start":{"line":65,"column":0},"end":{"line":65,"column":204}},"65":{"start":{"line":66,"column":0},"end":{"line":66,"column":18}},"66":{"start":{"line":67,"column":0},"end":{"line":67,"column":33}},"67":{"start":{"line":68,"column":0},"end":{"line":68,"column":36}},"68":{"start":{"line":69,"column":0},"end":{"line":69,"column":35}},"69":{"start":{"line":70,"column":0},"end":{"line":70,"column":38}},"70":{"start":{"line":71,"column":0},"end":{"line":71,"column":191}},"71":{"start":{"line":72,"column":0},"end":{"line":72,"column":41}},"72":{"start":{"line":73,"column":0},"end":{"line":73,"column":191}},"73":{"start":{"line":74,"column":0},"end":{"line":74,"column":42}},"74":{"start":{"line":75,"column":0},"end":{"line":75,"column":192}},"75":{"start":{"line":76,"column":0},"end":{"line":76,"column":18}},"76":{"start":{"line":77,"column":0},"end":{"line":77,"column":45}},"77":{"start":{"line":78,"column":0},"end":{"line":78,"column":36}},"78":{"start":{"line":79,"column":0},"end":{"line":79,"column":35}},"79":{"start":{"line":80,"column":0},"end":{"line":80,"column":37}},"80":{"start":{"line":81,"column":0},"end":{"line":81,"column":193}},"81":{"start":{"line":82,"column":0},"end":{"line":82,"column":42}},"82":{"start":{"line":83,"column":0},"end":{"line":83,"column":194}},"83":{"start":{"line":84,"column":0},"end":{"line":84,"column":18}},"84":{"start":{"line":85,"column":0},"end":{"line":85,"column":39}},"85":{"start":{"line":86,"column":0},"end":{"line":86,"column":36}},"86":{"start":{"line":87,"column":0},"end":{"line":87,"column":35}},"87":{"start":{"line":88,"column":0},"end":{"line":88,"column":37}},"88":{"start":{"line":89,"column":0},"end":{"line":89,"column":191}},"89":{"start":{"line":90,"column":0},"end":{"line":90,"column":40}},"90":{"start":{"line":91,"column":0},"end":{"line":91,"column":191}},"91":{"start":{"line":92,"column":0},"end":{"line":92,"column":42}},"92":{"start":{"line":93,"column":0},"end":{"line":93,"column":192}},"93":{"start":{"line":94,"column":0},"end":{"line":94,"column":18}},"94":{"start":{"line":95,"column":0},"end":{"line":95,"column":45}},"95":{"start":{"line":96,"column":0},"end":{"line":96,"column":36}},"96":{"start":{"line":97,"column":0},"end":{"line":97,"column":35}},"97":{"start":{"line":98,"column":0},"end":{"line":98,"column":36}},"98":{"start":{"line":99,"column":0},"end":{"line":99,"column":192}},"99":{"start":{"line":100,"column":0},"end":{"line":100,"column":18}},"100":{"start":{"line":101,"column":0},"end":{"line":101,"column":39}},"101":{"start":{"line":102,"column":0},"end":{"line":102,"column":36}},"102":{"start":{"line":103,"column":0},"end":{"line":103,"column":35}},"103":{"start":{"line":104,"column":0},"end":{"line":104,"column":36}},"104":{"start":{"line":105,"column":0},"end":{"line":105,"column":192}},"105":{"start":{"line":106,"column":0},"end":{"line":106,"column":18}},"106":{"start":{"line":107,"column":0},"end":{"line":107,"column":32}},"107":{"start":{"line":108,"column":0},"end":{"line":108,"column":36}},"108":{"start":{"line":109,"column":0},"end":{"line":109,"column":35}},"109":{"start":{"line":110,"column":0},"end":{"line":110,"column":37}},"110":{"start":{"line":111,"column":0},"end":{"line":111,"column":192}},"111":{"start":{"line":112,"column":0},"end":{"line":112,"column":41}},"112":{"start":{"line":113,"column":0},"end":{"line":113,"column":192}},"113":{"start":{"line":114,"column":0},"end":{"line":114,"column":42}},"114":{"start":{"line":115,"column":0},"end":{"line":115,"column":193}},"115":{"start":{"line":116,"column":0},"end":{"line":116,"column":18}},"116":{"start":{"line":117,"column":0},"end":{"line":117,"column":44}},"117":{"start":{"line":118,"column":0},"end":{"line":118,"column":36}},"118":{"start":{"line":119,"column":0},"end":{"line":119,"column":35}},"119":{"start":{"line":120,"column":0},"end":{"line":120,"column":36}},"120":{"start":{"line":121,"column":0},"end":{"line":121,"column":194}},"121":{"start":{"line":122,"column":0},"end":{"line":122,"column":41}},"122":{"start":{"line":123,"column":0},"end":{"line":123,"column":195}},"123":{"start":{"line":124,"column":0},"end":{"line":124,"column":18}},"124":{"start":{"line":125,"column":0},"end":{"line":125,"column":38}},"125":{"start":{"line":126,"column":0},"end":{"line":126,"column":35}},"126":{"start":{"line":127,"column":0},"end":{"line":127,"column":35}},"127":{"start":{"line":128,"column":0},"end":{"line":128,"column":37}},"128":{"start":{"line":129,"column":0},"end":{"line":129,"column":192}},"129":{"start":{"line":130,"column":0},"end":{"line":130,"column":40}},"130":{"start":{"line":131,"column":0},"end":{"line":131,"column":192}},"131":{"start":{"line":132,"column":0},"end":{"line":132,"column":42}},"132":{"start":{"line":133,"column":0},"end":{"line":133,"column":193}},"133":{"start":{"line":134,"column":0},"end":{"line":134,"column":18}},"134":{"start":{"line":135,"column":0},"end":{"line":135,"column":44}},"135":{"start":{"line":136,"column":0},"end":{"line":136,"column":35}},"136":{"start":{"line":137,"column":0},"end":{"line":137,"column":35}},"137":{"start":{"line":138,"column":0},"end":{"line":138,"column":35}},"138":{"start":{"line":139,"column":0},"end":{"line":139,"column":193}},"139":{"start":{"line":140,"column":0},"end":{"line":140,"column":18}},"140":{"start":{"line":141,"column":0},"end":{"line":141,"column":38}},"141":{"start":{"line":142,"column":0},"end":{"line":142,"column":36}},"142":{"start":{"line":143,"column":0},"end":{"line":143,"column":35}},"143":{"start":{"line":144,"column":0},"end":{"line":144,"column":36}},"144":{"start":{"line":145,"column":0},"end":{"line":145,"column":193}},"145":{"start":{"line":146,"column":0},"end":{"line":146,"column":18}},"146":{"start":{"line":147,"column":0},"end":{"line":147,"column":28}},"147":{"start":{"line":148,"column":0},"end":{"line":148,"column":42}},"148":{"start":{"line":149,"column":0},"end":{"line":149,"column":197}},"149":{"start":{"line":150,"column":0},"end":{"line":150,"column":18}},"150":{"start":{"line":151,"column":0},"end":{"line":151,"column":35}},"151":{"start":{"line":152,"column":0},"end":{"line":152,"column":36}},"152":{"start":{"line":153,"column":0},"end":{"line":153,"column":35}},"153":{"start":{"line":154,"column":0},"end":{"line":154,"column":36}},"154":{"start":{"line":155,"column":0},"end":{"line":155,"column":194}},"155":{"start":{"line":156,"column":0},"end":{"line":156,"column":18}},"156":{"start":{"line":157,"column":0},"end":{"line":157,"column":33}},"157":{"start":{"line":158,"column":0},"end":{"line":158,"column":36}},"158":{"start":{"line":159,"column":0},"end":{"line":159,"column":35}},"159":{"start":{"line":160,"column":0},"end":{"line":160,"column":41}},"160":{"start":{"line":161,"column":0},"end":{"line":161,"column":192}},"161":{"start":{"line":162,"column":0},"end":{"line":162,"column":18}},"162":{"start":{"line":163,"column":0},"end":{"line":163,"column":28}},"163":{"start":{"line":164,"column":0},"end":{"line":164,"column":35}},"164":{"start":{"line":165,"column":0},"end":{"line":165,"column":35}},"165":{"start":{"line":166,"column":0},"end":{"line":166,"column":40}},"166":{"start":{"line":167,"column":0},"end":{"line":167,"column":200}},"167":{"start":{"line":168,"column":0},"end":{"line":168,"column":18}},"168":{"start":{"line":169,"column":0},"end":{"line":169,"column":32}},"169":{"start":{"line":170,"column":0},"end":{"line":170,"column":35}},"170":{"start":{"line":171,"column":0},"end":{"line":171,"column":35}},"171":{"start":{"line":172,"column":0},"end":{"line":172,"column":36}},"172":{"start":{"line":173,"column":0},"end":{"line":173,"column":200}},"173":{"start":{"line":174,"column":0},"end":{"line":174,"column":18}},"174":{"start":{"line":175,"column":0},"end":{"line":175,"column":33}},"175":{"start":{"line":176,"column":0},"end":{"line":176,"column":35}},"176":{"start":{"line":177,"column":0},"end":{"line":177,"column":35}},"177":{"start":{"line":178,"column":0},"end":{"line":178,"column":36}},"178":{"start":{"line":179,"column":0},"end":{"line":179,"column":201}},"179":{"start":{"line":180,"column":0},"end":{"line":180,"column":18}},"180":{"start":{"line":181,"column":0},"end":{"line":181,"column":31}},"181":{"start":{"line":182,"column":0},"end":{"line":182,"column":36}},"182":{"start":{"line":183,"column":0},"end":{"line":183,"column":35}},"183":{"start":{"line":184,"column":0},"end":{"line":184,"column":38}},"184":{"start":{"line":185,"column":0},"end":{"line":185,"column":193}},"185":{"start":{"line":186,"column":0},"end":{"line":186,"column":17}},"186":{"start":{"line":187,"column":0},"end":{"line":187,"column":14}},"187":{"start":{"line":188,"column":0},"end":{"line":188,"column":187}},"188":{"start":{"line":189,"column":0},"end":{"line":189,"column":26}},"189":{"start":{"line":190,"column":0},"end":{"line":190,"column":27}},"190":{"start":{"line":191,"column":0},"end":{"line":191,"column":270}},"191":{"start":{"line":192,"column":0},"end":{"line":192,"column":18}},"192":{"start":{"line":193,"column":0},"end":{"line":193,"column":28}},"193":{"start":{"line":194,"column":0},"end":{"line":194,"column":271}},"194":{"start":{"line":195,"column":0},"end":{"line":195,"column":18}},"195":{"start":{"line":196,"column":0},"end":{"line":196,"column":27}},"196":{"start":{"line":197,"column":0},"end":{"line":197,"column":270}},"197":{"start":{"line":198,"column":0},"end":{"line":198,"column":17}},"198":{"start":{"line":199,"column":0},"end":{"line":199,"column":14}},"199":{"start":{"line":200,"column":0},"end":{"line":200,"column":27}},"200":{"start":{"line":201,"column":0},"end":{"line":201,"column":36}},"201":{"start":{"line":202,"column":0},"end":{"line":202,"column":10}},"202":{"start":{"line":203,"column":0},"end":{"line":203,"column":9}},"203":{"start":{"line":204,"column":0},"end":{"line":204,"column":26}},"204":{"start":{"line":205,"column":0},"end":{"line":205,"column":39}},"205":{"start":{"line":206,"column":0},"end":{"line":206,"column":97}},"206":{"start":{"line":207,"column":0},"end":{"line":207,"column":75}},"207":{"start":{"line":208,"column":0},"end":{"line":208,"column":56}},"208":{"start":{"line":209,"column":0},"end":{"line":209,"column":52}},"209":{"start":{"line":210,"column":0},"end":{"line":210,"column":70}},"210":{"start":{"line":211,"column":0},"end":{"line":211,"column":27}},"211":{"start":{"line":212,"column":0},"end":{"line":212,"column":25}},"212":{"start":{"line":213,"column":0},"end":{"line":213,"column":57}},"213":{"start":{"line":214,"column":0},"end":{"line":214,"column":26}},"214":{"start":{"line":215,"column":0},"end":{"line":215,"column":30}},"215":{"start":{"line":216,"column":0},"end":{"line":216,"column":29}},"216":{"start":{"line":217,"column":0},"end":{"line":217,"column":34}},"217":{"start":{"line":218,"column":0},"end":{"line":218,"column":33}},"218":{"start":{"line":219,"column":0},"end":{"line":219,"column":28}},"219":{"start":{"line":220,"column":0},"end":{"line":220,"column":53}},"220":{"start":{"line":221,"column":0},"end":{"line":221,"column":55}},"221":{"start":{"line":222,"column":0},"end":{"line":222,"column":23}},"222":{"start":{"line":223,"column":0},"end":{"line":223,"column":29}},"223":{"start":{"line":224,"column":0},"end":{"line":224,"column":36}},"224":{"start":{"line":225,"column":0},"end":{"line":225,"column":35}},"225":{"start":{"line":226,"column":0},"end":{"line":226,"column":38}},"226":{"start":{"line":227,"column":0},"end":{"line":227,"column":193}},"227":{"start":{"line":228,"column":0},"end":{"line":228,"column":41}},"228":{"start":{"line":229,"column":0},"end":{"line":229,"column":193}},"229":{"start":{"line":230,"column":0},"end":{"line":230,"column":43}},"230":{"start":{"line":231,"column":0},"end":{"line":231,"column":195}},"231":{"start":{"line":232,"column":0},"end":{"line":232,"column":35}},"232":{"start":{"line":233,"column":0},"end":{"line":233,"column":62}},"233":{"start":{"line":234,"column":0},"end":{"line":234,"column":18}},"234":{"start":{"line":235,"column":0},"end":{"line":235,"column":30}},"235":{"start":{"line":236,"column":0},"end":{"line":236,"column":36}},"236":{"start":{"line":237,"column":0},"end":{"line":237,"column":35}},"237":{"start":{"line":238,"column":0},"end":{"line":238,"column":38}},"238":{"start":{"line":239,"column":0},"end":{"line":239,"column":202}},"239":{"start":{"line":240,"column":0},"end":{"line":240,"column":18}},"240":{"start":{"line":241,"column":0},"end":{"line":241,"column":36}},"241":{"start":{"line":242,"column":0},"end":{"line":242,"column":36}},"242":{"start":{"line":243,"column":0},"end":{"line":243,"column":35}},"243":{"start":{"line":244,"column":0},"end":{"line":244,"column":38}},"244":{"start":{"line":245,"column":0},"end":{"line":245,"column":192}},"245":{"start":{"line":246,"column":0},"end":{"line":246,"column":18}},"246":{"start":{"line":247,"column":0},"end":{"line":247,"column":37}},"247":{"start":{"line":248,"column":0},"end":{"line":248,"column":36}},"248":{"start":{"line":249,"column":0},"end":{"line":249,"column":35}},"249":{"start":{"line":250,"column":0},"end":{"line":250,"column":38}},"250":{"start":{"line":251,"column":0},"end":{"line":251,"column":192}},"251":{"start":{"line":252,"column":0},"end":{"line":252,"column":18}},"252":{"start":{"line":253,"column":0},"end":{"line":253,"column":36}},"253":{"start":{"line":254,"column":0},"end":{"line":254,"column":36}},"254":{"start":{"line":255,"column":0},"end":{"line":255,"column":35}},"255":{"start":{"line":256,"column":0},"end":{"line":256,"column":41}},"256":{"start":{"line":257,"column":0},"end":{"line":257,"column":208}},"257":{"start":{"line":258,"column":0},"end":{"line":258,"column":18}},"258":{"start":{"line":259,"column":0},"end":{"line":259,"column":36}},"259":{"start":{"line":260,"column":0},"end":{"line":260,"column":36}},"260":{"start":{"line":261,"column":0},"end":{"line":261,"column":35}},"261":{"start":{"line":262,"column":0},"end":{"line":262,"column":36}},"262":{"start":{"line":263,"column":0},"end":{"line":263,"column":204}},"263":{"start":{"line":264,"column":0},"end":{"line":264,"column":18}},"264":{"start":{"line":265,"column":0},"end":{"line":265,"column":33}},"265":{"start":{"line":266,"column":0},"end":{"line":266,"column":36}},"266":{"start":{"line":267,"column":0},"end":{"line":267,"column":35}},"267":{"start":{"line":268,"column":0},"end":{"line":268,"column":37}},"268":{"start":{"line":269,"column":0},"end":{"line":269,"column":191}},"269":{"start":{"line":270,"column":0},"end":{"line":270,"column":41}},"270":{"start":{"line":271,"column":0},"end":{"line":271,"column":191}},"271":{"start":{"line":272,"column":0},"end":{"line":272,"column":42}},"272":{"start":{"line":273,"column":0},"end":{"line":273,"column":192}},"273":{"start":{"line":274,"column":0},"end":{"line":274,"column":18}},"274":{"start":{"line":275,"column":0},"end":{"line":275,"column":45}},"275":{"start":{"line":276,"column":0},"end":{"line":276,"column":36}},"276":{"start":{"line":277,"column":0},"end":{"line":277,"column":35}},"277":{"start":{"line":278,"column":0},"end":{"line":278,"column":37}},"278":{"start":{"line":279,"column":0},"end":{"line":279,"column":193}},"279":{"start":{"line":280,"column":0},"end":{"line":280,"column":42}},"280":{"start":{"line":281,"column":0},"end":{"line":281,"column":194}},"281":{"start":{"line":282,"column":0},"end":{"line":282,"column":18}},"282":{"start":{"line":283,"column":0},"end":{"line":283,"column":39}},"283":{"start":{"line":284,"column":0},"end":{"line":284,"column":36}},"284":{"start":{"line":285,"column":0},"end":{"line":285,"column":35}},"285":{"start":{"line":286,"column":0},"end":{"line":286,"column":37}},"286":{"start":{"line":287,"column":0},"end":{"line":287,"column":191}},"287":{"start":{"line":288,"column":0},"end":{"line":288,"column":41}},"288":{"start":{"line":289,"column":0},"end":{"line":289,"column":191}},"289":{"start":{"line":290,"column":0},"end":{"line":290,"column":42}},"290":{"start":{"line":291,"column":0},"end":{"line":291,"column":192}},"291":{"start":{"line":292,"column":0},"end":{"line":292,"column":18}},"292":{"start":{"line":293,"column":0},"end":{"line":293,"column":45}},"293":{"start":{"line":294,"column":0},"end":{"line":294,"column":36}},"294":{"start":{"line":295,"column":0},"end":{"line":295,"column":35}},"295":{"start":{"line":296,"column":0},"end":{"line":296,"column":35}},"296":{"start":{"line":297,"column":0},"end":{"line":297,"column":192}},"297":{"start":{"line":298,"column":0},"end":{"line":298,"column":18}},"298":{"start":{"line":299,"column":0},"end":{"line":299,"column":39}},"299":{"start":{"line":300,"column":0},"end":{"line":300,"column":36}},"300":{"start":{"line":301,"column":0},"end":{"line":301,"column":35}},"301":{"start":{"line":302,"column":0},"end":{"line":302,"column":36}},"302":{"start":{"line":303,"column":0},"end":{"line":303,"column":192}},"303":{"start":{"line":304,"column":0},"end":{"line":304,"column":18}},"304":{"start":{"line":305,"column":0},"end":{"line":305,"column":32}},"305":{"start":{"line":306,"column":0},"end":{"line":306,"column":36}},"306":{"start":{"line":307,"column":0},"end":{"line":307,"column":35}},"307":{"start":{"line":308,"column":0},"end":{"line":308,"column":37}},"308":{"start":{"line":309,"column":0},"end":{"line":309,"column":192}},"309":{"start":{"line":310,"column":0},"end":{"line":310,"column":41}},"310":{"start":{"line":311,"column":0},"end":{"line":311,"column":192}},"311":{"start":{"line":312,"column":0},"end":{"line":312,"column":42}},"312":{"start":{"line":313,"column":0},"end":{"line":313,"column":193}},"313":{"start":{"line":314,"column":0},"end":{"line":314,"column":18}},"314":{"start":{"line":315,"column":0},"end":{"line":315,"column":44}},"315":{"start":{"line":316,"column":0},"end":{"line":316,"column":36}},"316":{"start":{"line":317,"column":0},"end":{"line":317,"column":35}},"317":{"start":{"line":318,"column":0},"end":{"line":318,"column":36}},"318":{"start":{"line":319,"column":0},"end":{"line":319,"column":194}},"319":{"start":{"line":320,"column":0},"end":{"line":320,"column":41}},"320":{"start":{"line":321,"column":0},"end":{"line":321,"column":195}},"321":{"start":{"line":322,"column":0},"end":{"line":322,"column":18}},"322":{"start":{"line":323,"column":0},"end":{"line":323,"column":38}},"323":{"start":{"line":324,"column":0},"end":{"line":324,"column":35}},"324":{"start":{"line":325,"column":0},"end":{"line":325,"column":35}},"325":{"start":{"line":326,"column":0},"end":{"line":326,"column":37}},"326":{"start":{"line":327,"column":0},"end":{"line":327,"column":192}},"327":{"start":{"line":328,"column":0},"end":{"line":328,"column":40}},"328":{"start":{"line":329,"column":0},"end":{"line":329,"column":192}},"329":{"start":{"line":330,"column":0},"end":{"line":330,"column":41}},"330":{"start":{"line":331,"column":0},"end":{"line":331,"column":193}},"331":{"start":{"line":332,"column":0},"end":{"line":332,"column":18}},"332":{"start":{"line":333,"column":0},"end":{"line":333,"column":44}},"333":{"start":{"line":334,"column":0},"end":{"line":334,"column":35}},"334":{"start":{"line":335,"column":0},"end":{"line":335,"column":35}},"335":{"start":{"line":336,"column":0},"end":{"line":336,"column":35}},"336":{"start":{"line":337,"column":0},"end":{"line":337,"column":193}},"337":{"start":{"line":338,"column":0},"end":{"line":338,"column":18}},"338":{"start":{"line":339,"column":0},"end":{"line":339,"column":38}},"339":{"start":{"line":340,"column":0},"end":{"line":340,"column":36}},"340":{"start":{"line":341,"column":0},"end":{"line":341,"column":35}},"341":{"start":{"line":342,"column":0},"end":{"line":342,"column":36}},"342":{"start":{"line":343,"column":0},"end":{"line":343,"column":193}},"343":{"start":{"line":344,"column":0},"end":{"line":344,"column":18}},"344":{"start":{"line":345,"column":0},"end":{"line":345,"column":28}},"345":{"start":{"line":346,"column":0},"end":{"line":346,"column":42}},"346":{"start":{"line":347,"column":0},"end":{"line":347,"column":197}},"347":{"start":{"line":348,"column":0},"end":{"line":348,"column":18}},"348":{"start":{"line":349,"column":0},"end":{"line":349,"column":35}},"349":{"start":{"line":350,"column":0},"end":{"line":350,"column":36}},"350":{"start":{"line":351,"column":0},"end":{"line":351,"column":35}},"351":{"start":{"line":352,"column":0},"end":{"line":352,"column":36}},"352":{"start":{"line":353,"column":0},"end":{"line":353,"column":194}},"353":{"start":{"line":354,"column":0},"end":{"line":354,"column":18}},"354":{"start":{"line":355,"column":0},"end":{"line":355,"column":33}},"355":{"start":{"line":356,"column":0},"end":{"line":356,"column":36}},"356":{"start":{"line":357,"column":0},"end":{"line":357,"column":35}},"357":{"start":{"line":358,"column":0},"end":{"line":358,"column":41}},"358":{"start":{"line":359,"column":0},"end":{"line":359,"column":192}},"359":{"start":{"line":360,"column":0},"end":{"line":360,"column":18}},"360":{"start":{"line":361,"column":0},"end":{"line":361,"column":28}},"361":{"start":{"line":362,"column":0},"end":{"line":362,"column":35}},"362":{"start":{"line":363,"column":0},"end":{"line":363,"column":35}},"363":{"start":{"line":364,"column":0},"end":{"line":364,"column":40}},"364":{"start":{"line":365,"column":0},"end":{"line":365,"column":200}},"365":{"start":{"line":366,"column":0},"end":{"line":366,"column":18}},"366":{"start":{"line":367,"column":0},"end":{"line":367,"column":32}},"367":{"start":{"line":368,"column":0},"end":{"line":368,"column":35}},"368":{"start":{"line":369,"column":0},"end":{"line":369,"column":35}},"369":{"start":{"line":370,"column":0},"end":{"line":370,"column":36}},"370":{"start":{"line":371,"column":0},"end":{"line":371,"column":200}},"371":{"start":{"line":372,"column":0},"end":{"line":372,"column":18}},"372":{"start":{"line":373,"column":0},"end":{"line":373,"column":33}},"373":{"start":{"line":374,"column":0},"end":{"line":374,"column":35}},"374":{"start":{"line":375,"column":0},"end":{"line":375,"column":35}},"375":{"start":{"line":376,"column":0},"end":{"line":376,"column":36}},"376":{"start":{"line":377,"column":0},"end":{"line":377,"column":201}},"377":{"start":{"line":378,"column":0},"end":{"line":378,"column":18}},"378":{"start":{"line":379,"column":0},"end":{"line":379,"column":31}},"379":{"start":{"line":380,"column":0},"end":{"line":380,"column":36}},"380":{"start":{"line":381,"column":0},"end":{"line":381,"column":35}},"381":{"start":{"line":382,"column":0},"end":{"line":382,"column":38}},"382":{"start":{"line":383,"column":0},"end":{"line":383,"column":193}},"383":{"start":{"line":384,"column":0},"end":{"line":384,"column":17}},"384":{"start":{"line":385,"column":0},"end":{"line":385,"column":14}},"385":{"start":{"line":386,"column":0},"end":{"line":386,"column":187}},"386":{"start":{"line":387,"column":0},"end":{"line":387,"column":26}},"387":{"start":{"line":388,"column":0},"end":{"line":388,"column":27}},"388":{"start":{"line":389,"column":0},"end":{"line":389,"column":270}},"389":{"start":{"line":390,"column":0},"end":{"line":390,"column":18}},"390":{"start":{"line":391,"column":0},"end":{"line":391,"column":28}},"391":{"start":{"line":392,"column":0},"end":{"line":392,"column":271}},"392":{"start":{"line":393,"column":0},"end":{"line":393,"column":18}},"393":{"start":{"line":394,"column":0},"end":{"line":394,"column":27}},"394":{"start":{"line":395,"column":0},"end":{"line":395,"column":270}},"395":{"start":{"line":396,"column":0},"end":{"line":396,"column":17}},"396":{"start":{"line":397,"column":0},"end":{"line":397,"column":14}},"397":{"start":{"line":398,"column":0},"end":{"line":398,"column":27}},"398":{"start":{"line":399,"column":0},"end":{"line":399,"column":36}},"399":{"start":{"line":400,"column":0},"end":{"line":400,"column":10}},"400":{"start":{"line":401,"column":0},"end":{"line":401,"column":9}},"401":{"start":{"line":402,"column":0},"end":{"line":402,"column":26}},"402":{"start":{"line":403,"column":0},"end":{"line":403,"column":39}},"403":{"start":{"line":404,"column":0},"end":{"line":404,"column":115}},"404":{"start":{"line":405,"column":0},"end":{"line":405,"column":93}},"405":{"start":{"line":406,"column":0},"end":{"line":406,"column":56}},"406":{"start":{"line":407,"column":0},"end":{"line":407,"column":52}},"407":{"start":{"line":408,"column":0},"end":{"line":408,"column":70}},"408":{"start":{"line":409,"column":0},"end":{"line":409,"column":27}},"409":{"start":{"line":410,"column":0},"end":{"line":410,"column":25}},"410":{"start":{"line":411,"column":0},"end":{"line":411,"column":57}},"411":{"start":{"line":412,"column":0},"end":{"line":412,"column":26}},"412":{"start":{"line":413,"column":0},"end":{"line":413,"column":30}},"413":{"start":{"line":414,"column":0},"end":{"line":414,"column":29}},"414":{"start":{"line":415,"column":0},"end":{"line":415,"column":34}},"415":{"start":{"line":416,"column":0},"end":{"line":416,"column":33}},"416":{"start":{"line":417,"column":0},"end":{"line":417,"column":28}},"417":{"start":{"line":418,"column":0},"end":{"line":418,"column":53}},"418":{"start":{"line":419,"column":0},"end":{"line":419,"column":55}},"419":{"start":{"line":420,"column":0},"end":{"line":420,"column":23}},"420":{"start":{"line":421,"column":0},"end":{"line":421,"column":29}},"421":{"start":{"line":422,"column":0},"end":{"line":422,"column":36}},"422":{"start":{"line":423,"column":0},"end":{"line":423,"column":35}},"423":{"start":{"line":424,"column":0},"end":{"line":424,"column":38}},"424":{"start":{"line":425,"column":0},"end":{"line":425,"column":193}},"425":{"start":{"line":426,"column":0},"end":{"line":426,"column":41}},"426":{"start":{"line":427,"column":0},"end":{"line":427,"column":193}},"427":{"start":{"line":428,"column":0},"end":{"line":428,"column":42}},"428":{"start":{"line":429,"column":0},"end":{"line":429,"column":195}},"429":{"start":{"line":430,"column":0},"end":{"line":430,"column":35}},"430":{"start":{"line":431,"column":0},"end":{"line":431,"column":62}},"431":{"start":{"line":432,"column":0},"end":{"line":432,"column":18}},"432":{"start":{"line":433,"column":0},"end":{"line":433,"column":30}},"433":{"start":{"line":434,"column":0},"end":{"line":434,"column":36}},"434":{"start":{"line":435,"column":0},"end":{"line":435,"column":35}},"435":{"start":{"line":436,"column":0},"end":{"line":436,"column":38}},"436":{"start":{"line":437,"column":0},"end":{"line":437,"column":192}},"437":{"start":{"line":438,"column":0},"end":{"line":438,"column":18}},"438":{"start":{"line":439,"column":0},"end":{"line":439,"column":36}},"439":{"start":{"line":440,"column":0},"end":{"line":440,"column":36}},"440":{"start":{"line":441,"column":0},"end":{"line":441,"column":35}},"441":{"start":{"line":442,"column":0},"end":{"line":442,"column":38}},"442":{"start":{"line":443,"column":0},"end":{"line":443,"column":192}},"443":{"start":{"line":444,"column":0},"end":{"line":444,"column":18}},"444":{"start":{"line":445,"column":0},"end":{"line":445,"column":37}},"445":{"start":{"line":446,"column":0},"end":{"line":446,"column":36}},"446":{"start":{"line":447,"column":0},"end":{"line":447,"column":35}},"447":{"start":{"line":448,"column":0},"end":{"line":448,"column":38}},"448":{"start":{"line":449,"column":0},"end":{"line":449,"column":192}},"449":{"start":{"line":450,"column":0},"end":{"line":450,"column":18}},"450":{"start":{"line":451,"column":0},"end":{"line":451,"column":36}},"451":{"start":{"line":452,"column":0},"end":{"line":452,"column":35}},"452":{"start":{"line":453,"column":0},"end":{"line":453,"column":35}},"453":{"start":{"line":454,"column":0},"end":{"line":454,"column":40}},"454":{"start":{"line":455,"column":0},"end":{"line":455,"column":208}},"455":{"start":{"line":456,"column":0},"end":{"line":456,"column":18}},"456":{"start":{"line":457,"column":0},"end":{"line":457,"column":36}},"457":{"start":{"line":458,"column":0},"end":{"line":458,"column":36}},"458":{"start":{"line":459,"column":0},"end":{"line":459,"column":35}},"459":{"start":{"line":460,"column":0},"end":{"line":460,"column":38}},"460":{"start":{"line":461,"column":0},"end":{"line":461,"column":194}},"461":{"start":{"line":462,"column":0},"end":{"line":462,"column":18}},"462":{"start":{"line":463,"column":0},"end":{"line":463,"column":33}},"463":{"start":{"line":464,"column":0},"end":{"line":464,"column":36}},"464":{"start":{"line":465,"column":0},"end":{"line":465,"column":35}},"465":{"start":{"line":466,"column":0},"end":{"line":466,"column":37}},"466":{"start":{"line":467,"column":0},"end":{"line":467,"column":191}},"467":{"start":{"line":468,"column":0},"end":{"line":468,"column":41}},"468":{"start":{"line":469,"column":0},"end":{"line":469,"column":191}},"469":{"start":{"line":470,"column":0},"end":{"line":470,"column":42}},"470":{"start":{"line":471,"column":0},"end":{"line":471,"column":192}},"471":{"start":{"line":472,"column":0},"end":{"line":472,"column":18}},"472":{"start":{"line":473,"column":0},"end":{"line":473,"column":45}},"473":{"start":{"line":474,"column":0},"end":{"line":474,"column":36}},"474":{"start":{"line":475,"column":0},"end":{"line":475,"column":35}},"475":{"start":{"line":476,"column":0},"end":{"line":476,"column":37}},"476":{"start":{"line":477,"column":0},"end":{"line":477,"column":193}},"477":{"start":{"line":478,"column":0},"end":{"line":478,"column":41}},"478":{"start":{"line":479,"column":0},"end":{"line":479,"column":194}},"479":{"start":{"line":480,"column":0},"end":{"line":480,"column":18}},"480":{"start":{"line":481,"column":0},"end":{"line":481,"column":39}},"481":{"start":{"line":482,"column":0},"end":{"line":482,"column":36}},"482":{"start":{"line":483,"column":0},"end":{"line":483,"column":35}},"483":{"start":{"line":484,"column":0},"end":{"line":484,"column":37}},"484":{"start":{"line":485,"column":0},"end":{"line":485,"column":191}},"485":{"start":{"line":486,"column":0},"end":{"line":486,"column":40}},"486":{"start":{"line":487,"column":0},"end":{"line":487,"column":191}},"487":{"start":{"line":488,"column":0},"end":{"line":488,"column":41}},"488":{"start":{"line":489,"column":0},"end":{"line":489,"column":192}},"489":{"start":{"line":490,"column":0},"end":{"line":490,"column":18}},"490":{"start":{"line":491,"column":0},"end":{"line":491,"column":45}},"491":{"start":{"line":492,"column":0},"end":{"line":492,"column":36}},"492":{"start":{"line":493,"column":0},"end":{"line":493,"column":35}},"493":{"start":{"line":494,"column":0},"end":{"line":494,"column":35}},"494":{"start":{"line":495,"column":0},"end":{"line":495,"column":192}},"495":{"start":{"line":496,"column":0},"end":{"line":496,"column":18}},"496":{"start":{"line":497,"column":0},"end":{"line":497,"column":39}},"497":{"start":{"line":498,"column":0},"end":{"line":498,"column":36}},"498":{"start":{"line":499,"column":0},"end":{"line":499,"column":35}},"499":{"start":{"line":500,"column":0},"end":{"line":500,"column":36}},"500":{"start":{"line":501,"column":0},"end":{"line":501,"column":192}},"501":{"start":{"line":502,"column":0},"end":{"line":502,"column":18}},"502":{"start":{"line":503,"column":0},"end":{"line":503,"column":32}},"503":{"start":{"line":504,"column":0},"end":{"line":504,"column":36}},"504":{"start":{"line":505,"column":0},"end":{"line":505,"column":35}},"505":{"start":{"line":506,"column":0},"end":{"line":506,"column":37}},"506":{"start":{"line":507,"column":0},"end":{"line":507,"column":192}},"507":{"start":{"line":508,"column":0},"end":{"line":508,"column":40}},"508":{"start":{"line":509,"column":0},"end":{"line":509,"column":192}},"509":{"start":{"line":510,"column":0},"end":{"line":510,"column":41}},"510":{"start":{"line":511,"column":0},"end":{"line":511,"column":193}},"511":{"start":{"line":512,"column":0},"end":{"line":512,"column":18}},"512":{"start":{"line":513,"column":0},"end":{"line":513,"column":44}},"513":{"start":{"line":514,"column":0},"end":{"line":514,"column":36}},"514":{"start":{"line":515,"column":0},"end":{"line":515,"column":35}},"515":{"start":{"line":516,"column":0},"end":{"line":516,"column":36}},"516":{"start":{"line":517,"column":0},"end":{"line":517,"column":194}},"517":{"start":{"line":518,"column":0},"end":{"line":518,"column":41}},"518":{"start":{"line":519,"column":0},"end":{"line":519,"column":195}},"519":{"start":{"line":520,"column":0},"end":{"line":520,"column":18}},"520":{"start":{"line":521,"column":0},"end":{"line":521,"column":38}},"521":{"start":{"line":522,"column":0},"end":{"line":522,"column":35}},"522":{"start":{"line":523,"column":0},"end":{"line":523,"column":35}},"523":{"start":{"line":524,"column":0},"end":{"line":524,"column":36}},"524":{"start":{"line":525,"column":0},"end":{"line":525,"column":192}},"525":{"start":{"line":526,"column":0},"end":{"line":526,"column":40}},"526":{"start":{"line":527,"column":0},"end":{"line":527,"column":192}},"527":{"start":{"line":528,"column":0},"end":{"line":528,"column":41}},"528":{"start":{"line":529,"column":0},"end":{"line":529,"column":193}},"529":{"start":{"line":530,"column":0},"end":{"line":530,"column":18}},"530":{"start":{"line":531,"column":0},"end":{"line":531,"column":44}},"531":{"start":{"line":532,"column":0},"end":{"line":532,"column":35}},"532":{"start":{"line":533,"column":0},"end":{"line":533,"column":35}},"533":{"start":{"line":534,"column":0},"end":{"line":534,"column":35}},"534":{"start":{"line":535,"column":0},"end":{"line":535,"column":193}},"535":{"start":{"line":536,"column":0},"end":{"line":536,"column":18}},"536":{"start":{"line":537,"column":0},"end":{"line":537,"column":38}},"537":{"start":{"line":538,"column":0},"end":{"line":538,"column":36}},"538":{"start":{"line":539,"column":0},"end":{"line":539,"column":35}},"539":{"start":{"line":540,"column":0},"end":{"line":540,"column":36}},"540":{"start":{"line":541,"column":0},"end":{"line":541,"column":193}},"541":{"start":{"line":542,"column":0},"end":{"line":542,"column":18}},"542":{"start":{"line":543,"column":0},"end":{"line":543,"column":28}},"543":{"start":{"line":544,"column":0},"end":{"line":544,"column":42}},"544":{"start":{"line":545,"column":0},"end":{"line":545,"column":197}},"545":{"start":{"line":546,"column":0},"end":{"line":546,"column":18}},"546":{"start":{"line":547,"column":0},"end":{"line":547,"column":35}},"547":{"start":{"line":548,"column":0},"end":{"line":548,"column":36}},"548":{"start":{"line":549,"column":0},"end":{"line":549,"column":35}},"549":{"start":{"line":550,"column":0},"end":{"line":550,"column":36}},"550":{"start":{"line":551,"column":0},"end":{"line":551,"column":194}},"551":{"start":{"line":552,"column":0},"end":{"line":552,"column":18}},"552":{"start":{"line":553,"column":0},"end":{"line":553,"column":33}},"553":{"start":{"line":554,"column":0},"end":{"line":554,"column":36}},"554":{"start":{"line":555,"column":0},"end":{"line":555,"column":35}},"555":{"start":{"line":556,"column":0},"end":{"line":556,"column":41}},"556":{"start":{"line":557,"column":0},"end":{"line":557,"column":192}},"557":{"start":{"line":558,"column":0},"end":{"line":558,"column":18}},"558":{"start":{"line":559,"column":0},"end":{"line":559,"column":28}},"559":{"start":{"line":560,"column":0},"end":{"line":560,"column":35}},"560":{"start":{"line":561,"column":0},"end":{"line":561,"column":35}},"561":{"start":{"line":562,"column":0},"end":{"line":562,"column":40}},"562":{"start":{"line":563,"column":0},"end":{"line":563,"column":200}},"563":{"start":{"line":564,"column":0},"end":{"line":564,"column":18}},"564":{"start":{"line":565,"column":0},"end":{"line":565,"column":32}},"565":{"start":{"line":566,"column":0},"end":{"line":566,"column":35}},"566":{"start":{"line":567,"column":0},"end":{"line":567,"column":35}},"567":{"start":{"line":568,"column":0},"end":{"line":568,"column":36}},"568":{"start":{"line":569,"column":0},"end":{"line":569,"column":200}},"569":{"start":{"line":570,"column":0},"end":{"line":570,"column":18}},"570":{"start":{"line":571,"column":0},"end":{"line":571,"column":33}},"571":{"start":{"line":572,"column":0},"end":{"line":572,"column":35}},"572":{"start":{"line":573,"column":0},"end":{"line":573,"column":35}},"573":{"start":{"line":574,"column":0},"end":{"line":574,"column":36}},"574":{"start":{"line":575,"column":0},"end":{"line":575,"column":192}},"575":{"start":{"line":576,"column":0},"end":{"line":576,"column":18}},"576":{"start":{"line":577,"column":0},"end":{"line":577,"column":31}},"577":{"start":{"line":578,"column":0},"end":{"line":578,"column":36}},"578":{"start":{"line":579,"column":0},"end":{"line":579,"column":35}},"579":{"start":{"line":580,"column":0},"end":{"line":580,"column":38}},"580":{"start":{"line":581,"column":0},"end":{"line":581,"column":193}},"581":{"start":{"line":582,"column":0},"end":{"line":582,"column":17}},"582":{"start":{"line":583,"column":0},"end":{"line":583,"column":14}},"583":{"start":{"line":584,"column":0},"end":{"line":584,"column":187}},"584":{"start":{"line":585,"column":0},"end":{"line":585,"column":26}},"585":{"start":{"line":586,"column":0},"end":{"line":586,"column":27}},"586":{"start":{"line":587,"column":0},"end":{"line":587,"column":270}},"587":{"start":{"line":588,"column":0},"end":{"line":588,"column":18}},"588":{"start":{"line":589,"column":0},"end":{"line":589,"column":28}},"589":{"start":{"line":590,"column":0},"end":{"line":590,"column":271}},"590":{"start":{"line":591,"column":0},"end":{"line":591,"column":18}},"591":{"start":{"line":592,"column":0},"end":{"line":592,"column":27}},"592":{"start":{"line":593,"column":0},"end":{"line":593,"column":270}},"593":{"start":{"line":594,"column":0},"end":{"line":594,"column":17}},"594":{"start":{"line":595,"column":0},"end":{"line":595,"column":14}},"595":{"start":{"line":596,"column":0},"end":{"line":596,"column":27}},"596":{"start":{"line":597,"column":0},"end":{"line":597,"column":36}},"597":{"start":{"line":598,"column":0},"end":{"line":598,"column":10}},"598":{"start":{"line":599,"column":0},"end":{"line":599,"column":9}},"599":{"start":{"line":600,"column":0},"end":{"line":600,"column":26}},"600":{"start":{"line":601,"column":0},"end":{"line":601,"column":39}},"601":{"start":{"line":602,"column":0},"end":{"line":602,"column":105}},"602":{"start":{"line":603,"column":0},"end":{"line":603,"column":83}},"603":{"start":{"line":604,"column":0},"end":{"line":604,"column":56}},"604":{"start":{"line":605,"column":0},"end":{"line":605,"column":52}},"605":{"start":{"line":606,"column":0},"end":{"line":606,"column":70}},"606":{"start":{"line":607,"column":0},"end":{"line":607,"column":27}},"607":{"start":{"line":608,"column":0},"end":{"line":608,"column":25}},"608":{"start":{"line":609,"column":0},"end":{"line":609,"column":59}},"609":{"start":{"line":610,"column":0},"end":{"line":610,"column":26}},"610":{"start":{"line":611,"column":0},"end":{"line":611,"column":30}},"611":{"start":{"line":612,"column":0},"end":{"line":612,"column":29}},"612":{"start":{"line":613,"column":0},"end":{"line":613,"column":34}},"613":{"start":{"line":614,"column":0},"end":{"line":614,"column":33}},"614":{"start":{"line":615,"column":0},"end":{"line":615,"column":28}},"615":{"start":{"line":616,"column":0},"end":{"line":616,"column":53}},"616":{"start":{"line":617,"column":0},"end":{"line":617,"column":55}},"617":{"start":{"line":618,"column":0},"end":{"line":618,"column":23}},"618":{"start":{"line":619,"column":0},"end":{"line":619,"column":29}},"619":{"start":{"line":620,"column":0},"end":{"line":620,"column":36}},"620":{"start":{"line":621,"column":0},"end":{"line":621,"column":35}},"621":{"start":{"line":622,"column":0},"end":{"line":622,"column":37}},"622":{"start":{"line":623,"column":0},"end":{"line":623,"column":193}},"623":{"start":{"line":624,"column":0},"end":{"line":624,"column":41}},"624":{"start":{"line":625,"column":0},"end":{"line":625,"column":193}},"625":{"start":{"line":626,"column":0},"end":{"line":626,"column":42}},"626":{"start":{"line":627,"column":0},"end":{"line":627,"column":195}},"627":{"start":{"line":628,"column":0},"end":{"line":628,"column":35}},"628":{"start":{"line":629,"column":0},"end":{"line":629,"column":62}},"629":{"start":{"line":630,"column":0},"end":{"line":630,"column":18}},"630":{"start":{"line":631,"column":0},"end":{"line":631,"column":30}},"631":{"start":{"line":632,"column":0},"end":{"line":632,"column":36}},"632":{"start":{"line":633,"column":0},"end":{"line":633,"column":35}},"633":{"start":{"line":634,"column":0},"end":{"line":634,"column":37}},"634":{"start":{"line":635,"column":0},"end":{"line":635,"column":192}},"635":{"start":{"line":636,"column":0},"end":{"line":636,"column":18}},"636":{"start":{"line":637,"column":0},"end":{"line":637,"column":36}},"637":{"start":{"line":638,"column":0},"end":{"line":638,"column":36}},"638":{"start":{"line":639,"column":0},"end":{"line":639,"column":35}},"639":{"start":{"line":640,"column":0},"end":{"line":640,"column":37}},"640":{"start":{"line":641,"column":0},"end":{"line":641,"column":192}},"641":{"start":{"line":642,"column":0},"end":{"line":642,"column":18}},"642":{"start":{"line":643,"column":0},"end":{"line":643,"column":37}},"643":{"start":{"line":644,"column":0},"end":{"line":644,"column":36}},"644":{"start":{"line":645,"column":0},"end":{"line":645,"column":35}},"645":{"start":{"line":646,"column":0},"end":{"line":646,"column":37}},"646":{"start":{"line":647,"column":0},"end":{"line":647,"column":192}},"647":{"start":{"line":648,"column":0},"end":{"line":648,"column":18}},"648":{"start":{"line":649,"column":0},"end":{"line":649,"column":36}},"649":{"start":{"line":650,"column":0},"end":{"line":650,"column":36}},"650":{"start":{"line":651,"column":0},"end":{"line":651,"column":35}},"651":{"start":{"line":652,"column":0},"end":{"line":652,"column":41}},"652":{"start":{"line":653,"column":0},"end":{"line":653,"column":208}},"653":{"start":{"line":654,"column":0},"end":{"line":654,"column":18}},"654":{"start":{"line":655,"column":0},"end":{"line":655,"column":36}},"655":{"start":{"line":656,"column":0},"end":{"line":656,"column":36}},"656":{"start":{"line":657,"column":0},"end":{"line":657,"column":35}},"657":{"start":{"line":658,"column":0},"end":{"line":658,"column":37}},"658":{"start":{"line":659,"column":0},"end":{"line":659,"column":194}},"659":{"start":{"line":660,"column":0},"end":{"line":660,"column":18}},"660":{"start":{"line":661,"column":0},"end":{"line":661,"column":33}},"661":{"start":{"line":662,"column":0},"end":{"line":662,"column":36}},"662":{"start":{"line":663,"column":0},"end":{"line":663,"column":35}},"663":{"start":{"line":664,"column":0},"end":{"line":664,"column":37}},"664":{"start":{"line":665,"column":0},"end":{"line":665,"column":191}},"665":{"start":{"line":666,"column":0},"end":{"line":666,"column":41}},"666":{"start":{"line":667,"column":0},"end":{"line":667,"column":191}},"667":{"start":{"line":668,"column":0},"end":{"line":668,"column":42}},"668":{"start":{"line":669,"column":0},"end":{"line":669,"column":192}},"669":{"start":{"line":670,"column":0},"end":{"line":670,"column":18}},"670":{"start":{"line":671,"column":0},"end":{"line":671,"column":45}},"671":{"start":{"line":672,"column":0},"end":{"line":672,"column":36}},"672":{"start":{"line":673,"column":0},"end":{"line":673,"column":35}},"673":{"start":{"line":674,"column":0},"end":{"line":674,"column":36}},"674":{"start":{"line":675,"column":0},"end":{"line":675,"column":193}},"675":{"start":{"line":676,"column":0},"end":{"line":676,"column":41}},"676":{"start":{"line":677,"column":0},"end":{"line":677,"column":194}},"677":{"start":{"line":678,"column":0},"end":{"line":678,"column":18}},"678":{"start":{"line":679,"column":0},"end":{"line":679,"column":39}},"679":{"start":{"line":680,"column":0},"end":{"line":680,"column":36}},"680":{"start":{"line":681,"column":0},"end":{"line":681,"column":35}},"681":{"start":{"line":682,"column":0},"end":{"line":682,"column":37}},"682":{"start":{"line":683,"column":0},"end":{"line":683,"column":191}},"683":{"start":{"line":684,"column":0},"end":{"line":684,"column":40}},"684":{"start":{"line":685,"column":0},"end":{"line":685,"column":191}},"685":{"start":{"line":686,"column":0},"end":{"line":686,"column":41}},"686":{"start":{"line":687,"column":0},"end":{"line":687,"column":192}},"687":{"start":{"line":688,"column":0},"end":{"line":688,"column":18}},"688":{"start":{"line":689,"column":0},"end":{"line":689,"column":45}},"689":{"start":{"line":690,"column":0},"end":{"line":690,"column":36}},"690":{"start":{"line":691,"column":0},"end":{"line":691,"column":35}},"691":{"start":{"line":692,"column":0},"end":{"line":692,"column":35}},"692":{"start":{"line":693,"column":0},"end":{"line":693,"column":192}},"693":{"start":{"line":694,"column":0},"end":{"line":694,"column":18}},"694":{"start":{"line":695,"column":0},"end":{"line":695,"column":39}},"695":{"start":{"line":696,"column":0},"end":{"line":696,"column":36}},"696":{"start":{"line":697,"column":0},"end":{"line":697,"column":35}},"697":{"start":{"line":698,"column":0},"end":{"line":698,"column":35}},"698":{"start":{"line":699,"column":0},"end":{"line":699,"column":192}},"699":{"start":{"line":700,"column":0},"end":{"line":700,"column":18}},"700":{"start":{"line":701,"column":0},"end":{"line":701,"column":32}},"701":{"start":{"line":702,"column":0},"end":{"line":702,"column":36}},"702":{"start":{"line":703,"column":0},"end":{"line":703,"column":35}},"703":{"start":{"line":704,"column":0},"end":{"line":704,"column":37}},"704":{"start":{"line":705,"column":0},"end":{"line":705,"column":192}},"705":{"start":{"line":706,"column":0},"end":{"line":706,"column":41}},"706":{"start":{"line":707,"column":0},"end":{"line":707,"column":192}},"707":{"start":{"line":708,"column":0},"end":{"line":708,"column":42}},"708":{"start":{"line":709,"column":0},"end":{"line":709,"column":193}},"709":{"start":{"line":710,"column":0},"end":{"line":710,"column":18}},"710":{"start":{"line":711,"column":0},"end":{"line":711,"column":44}},"711":{"start":{"line":712,"column":0},"end":{"line":712,"column":36}},"712":{"start":{"line":713,"column":0},"end":{"line":713,"column":35}},"713":{"start":{"line":714,"column":0},"end":{"line":714,"column":36}},"714":{"start":{"line":715,"column":0},"end":{"line":715,"column":194}},"715":{"start":{"line":716,"column":0},"end":{"line":716,"column":41}},"716":{"start":{"line":717,"column":0},"end":{"line":717,"column":195}},"717":{"start":{"line":718,"column":0},"end":{"line":718,"column":18}},"718":{"start":{"line":719,"column":0},"end":{"line":719,"column":38}},"719":{"start":{"line":720,"column":0},"end":{"line":720,"column":35}},"720":{"start":{"line":721,"column":0},"end":{"line":721,"column":35}},"721":{"start":{"line":722,"column":0},"end":{"line":722,"column":36}},"722":{"start":{"line":723,"column":0},"end":{"line":723,"column":192}},"723":{"start":{"line":724,"column":0},"end":{"line":724,"column":40}},"724":{"start":{"line":725,"column":0},"end":{"line":725,"column":192}},"725":{"start":{"line":726,"column":0},"end":{"line":726,"column":41}},"726":{"start":{"line":727,"column":0},"end":{"line":727,"column":193}},"727":{"start":{"line":728,"column":0},"end":{"line":728,"column":18}},"728":{"start":{"line":729,"column":0},"end":{"line":729,"column":44}},"729":{"start":{"line":730,"column":0},"end":{"line":730,"column":35}},"730":{"start":{"line":731,"column":0},"end":{"line":731,"column":35}},"731":{"start":{"line":732,"column":0},"end":{"line":732,"column":35}},"732":{"start":{"line":733,"column":0},"end":{"line":733,"column":193}},"733":{"start":{"line":734,"column":0},"end":{"line":734,"column":18}},"734":{"start":{"line":735,"column":0},"end":{"line":735,"column":38}},"735":{"start":{"line":736,"column":0},"end":{"line":736,"column":36}},"736":{"start":{"line":737,"column":0},"end":{"line":737,"column":35}},"737":{"start":{"line":738,"column":0},"end":{"line":738,"column":35}},"738":{"start":{"line":739,"column":0},"end":{"line":739,"column":193}},"739":{"start":{"line":740,"column":0},"end":{"line":740,"column":18}},"740":{"start":{"line":741,"column":0},"end":{"line":741,"column":28}},"741":{"start":{"line":742,"column":0},"end":{"line":742,"column":42}},"742":{"start":{"line":743,"column":0},"end":{"line":743,"column":197}},"743":{"start":{"line":744,"column":0},"end":{"line":744,"column":18}},"744":{"start":{"line":745,"column":0},"end":{"line":745,"column":35}},"745":{"start":{"line":746,"column":0},"end":{"line":746,"column":36}},"746":{"start":{"line":747,"column":0},"end":{"line":747,"column":35}},"747":{"start":{"line":748,"column":0},"end":{"line":748,"column":36}},"748":{"start":{"line":749,"column":0},"end":{"line":749,"column":194}},"749":{"start":{"line":750,"column":0},"end":{"line":750,"column":18}},"750":{"start":{"line":751,"column":0},"end":{"line":751,"column":33}},"751":{"start":{"line":752,"column":0},"end":{"line":752,"column":36}},"752":{"start":{"line":753,"column":0},"end":{"line":753,"column":35}},"753":{"start":{"line":754,"column":0},"end":{"line":754,"column":41}},"754":{"start":{"line":755,"column":0},"end":{"line":755,"column":192}},"755":{"start":{"line":756,"column":0},"end":{"line":756,"column":18}},"756":{"start":{"line":757,"column":0},"end":{"line":757,"column":28}},"757":{"start":{"line":758,"column":0},"end":{"line":758,"column":36}},"758":{"start":{"line":759,"column":0},"end":{"line":759,"column":35}},"759":{"start":{"line":760,"column":0},"end":{"line":760,"column":40}},"760":{"start":{"line":761,"column":0},"end":{"line":761,"column":200}},"761":{"start":{"line":762,"column":0},"end":{"line":762,"column":18}},"762":{"start":{"line":763,"column":0},"end":{"line":763,"column":32}},"763":{"start":{"line":764,"column":0},"end":{"line":764,"column":35}},"764":{"start":{"line":765,"column":0},"end":{"line":765,"column":35}},"765":{"start":{"line":766,"column":0},"end":{"line":766,"column":36}},"766":{"start":{"line":767,"column":0},"end":{"line":767,"column":200}},"767":{"start":{"line":768,"column":0},"end":{"line":768,"column":18}},"768":{"start":{"line":769,"column":0},"end":{"line":769,"column":33}},"769":{"start":{"line":770,"column":0},"end":{"line":770,"column":35}},"770":{"start":{"line":771,"column":0},"end":{"line":771,"column":35}},"771":{"start":{"line":772,"column":0},"end":{"line":772,"column":36}},"772":{"start":{"line":773,"column":0},"end":{"line":773,"column":201}},"773":{"start":{"line":774,"column":0},"end":{"line":774,"column":18}},"774":{"start":{"line":775,"column":0},"end":{"line":775,"column":31}},"775":{"start":{"line":776,"column":0},"end":{"line":776,"column":36}},"776":{"start":{"line":777,"column":0},"end":{"line":777,"column":35}},"777":{"start":{"line":778,"column":0},"end":{"line":778,"column":37}},"778":{"start":{"line":779,"column":0},"end":{"line":779,"column":193}},"779":{"start":{"line":780,"column":0},"end":{"line":780,"column":17}},"780":{"start":{"line":781,"column":0},"end":{"line":781,"column":14}},"781":{"start":{"line":782,"column":0},"end":{"line":782,"column":187}},"782":{"start":{"line":783,"column":0},"end":{"line":783,"column":26}},"783":{"start":{"line":784,"column":0},"end":{"line":784,"column":27}},"784":{"start":{"line":785,"column":0},"end":{"line":785,"column":270}},"785":{"start":{"line":786,"column":0},"end":{"line":786,"column":18}},"786":{"start":{"line":787,"column":0},"end":{"line":787,"column":28}},"787":{"start":{"line":788,"column":0},"end":{"line":788,"column":271}},"788":{"start":{"line":789,"column":0},"end":{"line":789,"column":18}},"789":{"start":{"line":790,"column":0},"end":{"line":790,"column":27}},"790":{"start":{"line":791,"column":0},"end":{"line":791,"column":270}},"791":{"start":{"line":792,"column":0},"end":{"line":792,"column":17}},"792":{"start":{"line":793,"column":0},"end":{"line":793,"column":14}},"793":{"start":{"line":794,"column":0},"end":{"line":794,"column":27}},"794":{"start":{"line":795,"column":0},"end":{"line":795,"column":36}},"795":{"start":{"line":796,"column":0},"end":{"line":796,"column":10}},"796":{"start":{"line":797,"column":0},"end":{"line":797,"column":9}},"797":{"start":{"line":798,"column":0},"end":{"line":798,"column":26}},"798":{"start":{"line":799,"column":0},"end":{"line":799,"column":39}},"799":{"start":{"line":800,"column":0},"end":{"line":800,"column":102}},"800":{"start":{"line":801,"column":0},"end":{"line":801,"column":80}},"801":{"start":{"line":802,"column":0},"end":{"line":802,"column":56}},"802":{"start":{"line":803,"column":0},"end":{"line":803,"column":52}},"803":{"start":{"line":804,"column":0},"end":{"line":804,"column":70}},"804":{"start":{"line":805,"column":0},"end":{"line":805,"column":27}},"805":{"start":{"line":806,"column":0},"end":{"line":806,"column":25}},"806":{"start":{"line":807,"column":0},"end":{"line":807,"column":72}},"807":{"start":{"line":808,"column":0},"end":{"line":808,"column":26}},"808":{"start":{"line":809,"column":0},"end":{"line":809,"column":30}},"809":{"start":{"line":810,"column":0},"end":{"line":810,"column":29}},"810":{"start":{"line":811,"column":0},"end":{"line":811,"column":34}},"811":{"start":{"line":812,"column":0},"end":{"line":812,"column":33}},"812":{"start":{"line":813,"column":0},"end":{"line":813,"column":28}},"813":{"start":{"line":814,"column":0},"end":{"line":814,"column":53}},"814":{"start":{"line":815,"column":0},"end":{"line":815,"column":55}},"815":{"start":{"line":816,"column":0},"end":{"line":816,"column":23}},"816":{"start":{"line":817,"column":0},"end":{"line":817,"column":29}},"817":{"start":{"line":818,"column":0},"end":{"line":818,"column":36}},"818":{"start":{"line":819,"column":0},"end":{"line":819,"column":35}},"819":{"start":{"line":820,"column":0},"end":{"line":820,"column":38}},"820":{"start":{"line":821,"column":0},"end":{"line":821,"column":193}},"821":{"start":{"line":822,"column":0},"end":{"line":822,"column":41}},"822":{"start":{"line":823,"column":0},"end":{"line":823,"column":193}},"823":{"start":{"line":824,"column":0},"end":{"line":824,"column":42}},"824":{"start":{"line":825,"column":0},"end":{"line":825,"column":195}},"825":{"start":{"line":826,"column":0},"end":{"line":826,"column":35}},"826":{"start":{"line":827,"column":0},"end":{"line":827,"column":62}},"827":{"start":{"line":828,"column":0},"end":{"line":828,"column":18}},"828":{"start":{"line":829,"column":0},"end":{"line":829,"column":30}},"829":{"start":{"line":830,"column":0},"end":{"line":830,"column":36}},"830":{"start":{"line":831,"column":0},"end":{"line":831,"column":35}},"831":{"start":{"line":832,"column":0},"end":{"line":832,"column":38}},"832":{"start":{"line":833,"column":0},"end":{"line":833,"column":202}},"833":{"start":{"line":834,"column":0},"end":{"line":834,"column":18}},"834":{"start":{"line":835,"column":0},"end":{"line":835,"column":36}},"835":{"start":{"line":836,"column":0},"end":{"line":836,"column":36}},"836":{"start":{"line":837,"column":0},"end":{"line":837,"column":35}},"837":{"start":{"line":838,"column":0},"end":{"line":838,"column":38}},"838":{"start":{"line":839,"column":0},"end":{"line":839,"column":192}},"839"
[...]
olumn":0},"end":{"line":928,"column":35}},"928":{"start":{"line":929,"column":0},"end":{"line":929,"column":35}},"929":{"start":{"line":930,"column":0},"end":{"line":930,"column":35}},"930":{"start":{"line":931,"column":0},"end":{"line":931,"column":193}},"931":{"start":{"line":932,"column":0},"end":{"line":932,"column":18}},"932":{"start":{"line":933,"column":0},"end":{"line":933,"column":38}},"933":{"start":{"line":934,"column":0},"end":{"line":934,"column":36}},"934":{"start":{"line":935,"column":0},"end":{"line":935,"column":35}},"935":{"start":{"line":936,"column":0},"end":{"line":936,"column":36}},"936":{"start":{"line":937,"column":0},"end":{"line":937,"column":193}},"937":{"start":{"line":938,"column":0},"end":{"line":938,"column":18}},"938":{"start":{"line":939,"column":0},"end":{"line":939,"column":28}},"939":{"start":{"line":940,"column":0},"end":{"line":940,"column":42}},"940":{"start":{"line":941,"column":0},"end":{"line":941,"column":197}},"941":{"start":{"line":942,"column":0},"end":{"line":942,"column":18}},"942":{"start":{"line":943,"column":0},"end":{"line":943,"column":35}},"943":{"start":{"line":944,"column":0},"end":{"line":944,"column":36}},"944":{"start":{"line":945,"column":0},"end":{"line":945,"column":35}},"945":{"start":{"line":946,"column":0},"end":{"line":946,"column":36}},"946":{"start":{"line":947,"column":0},"end":{"line":947,"column":194}},"947":{"start":{"line":948,"column":0},"end":{"line":948,"column":18}},"948":{"start":{"line":949,"column":0},"end":{"line":949,"column":33}},"949":{"start":{"line":950,"column":0},"end":{"line":950,"column":36}},"950":{"start":{"line":951,"column":0},"end":{"line":951,"column":35}},"951":{"start":{"line":952,"column":0},"end":{"line":952,"column":41}},"952":{"start":{"line":953,"column":0},"end":{"line":953,"column":192}},"953":{"start":{"line":954,"column":0},"end":{"line":954,"column":18}},"954":{"start":{"line":955,"column":0},"end":{"line":955,"column":28}},"955":{"start":{"line":956,"column":0},"end":{"line":956,"column":35}},"956":{"start":{"line":957,"column":0},"end":{"line":957,"column":35}},"957":{"start":{"line":958,"column":0},"end":{"line":958,"column":40}},"958":{"start":{"line":959,"column":0},"end":{"line":959,"column":200}},"959":{"start":{"line":960,"column":0},"end":{"line":960,"column":18}},"960":{"start":{"line":961,"column":0},"end":{"line":961,"column":32}},"961":{"start":{"line":962,"column":0},"end":{"line":962,"column":35}},"962":{"start":{"line":963,"column":0},"end":{"line":963,"column":35}},"963":{"start":{"line":964,"column":0},"end":{"line":964,"column":36}},"964":{"start":{"line":965,"column":0},"end":{"line":965,"column":200}},"965":{"start":{"line":966,"column":0},"end":{"line":966,"column":18}},"966":{"start":{"line":967,"column":0},"end":{"line":967,"column":33}},"967":{"start":{"line":968,"column":0},"end":{"line":968,"column":35}},"968":{"start":{"line":969,"column":0},"end":{"line":969,"column":35}},"969":{"start":{"line":970,"column":0},"end":{"line":970,"column":36}},"970":{"start":{"line":971,"column":0},"end":{"line":971,"column":201}},"971":{"start":{"line":972,"column":0},"end":{"line":972,"column":18}},"972":{"start":{"line":973,"column":0},"end":{"line":973,"column":23}},"973":{"start":{"line":974,"column":0},"end":{"line":974,"column":36}},"974":{"start":{"line":975,"column":0},"end":{"line":975,"column":36}},"975":{"start":{"line":976,"column":0},"end":{"line":976,"column":42}},"976":{"start":{"line":977,"column":0},"end":{"line":977,"column":195}},"977":{"start":{"line":978,"column":0},"end":{"line":978,"column":18}},"978":{"start":{"line":979,"column":0},"end":{"line":979,"column":31}},"979":{"start":{"line":980,"column":0},"end":{"line":980,"column":36}},"980":{"start":{"line":981,"column":0},"end":{"line":981,"column":35}},"981":{"start":{"line":982,"column":0},"end":{"line":982,"column":38}},"982":{"start":{"line":983,"column":0},"end":{"line":983,"column":193}},"983":{"start":{"line":984,"column":0},"end":{"line":984,"column":17}},"984":{"start":{"line":985,"column":0},"end":{"line":985,"column":14}},"985":{"start":{"line":986,"column":0},"end":{"line":986,"column":187}},"986":{"start":{"line":987,"column":0},"end":{"line":987,"column":26}},"987":{"start":{"line":988,"column":0},"end":{"line":988,"column":27}},"988":{"start":{"line":989,"column":0},"end":{"line":989,"column":270}},"989":{"start":{"line":990,"column":0},"end":{"line":990,"column":18}},"990":{"start":{"line":991,"column":0},"end":{"line":991,"column":28}},"991":{"start":{"line":992,"column":0},"end":{"line":992,"column":271}},"992":{"start":{"line":993,"column":0},"end":{"line":993,"column":18}},"993":{"start":{"line":994,"column":0},"end":{"line":994,"column":27}},"994":{"start":{"line":995,"column":0},"end":{"line":995,"column":270}},"995":{"start":{"line":996,"column":0},"end":{"line":996,"column":17}},"996":{"start":{"line":997,"column":0},"end":{"line":997,"column":14}},"997":{"start":{"line":998,"column":0},"end":{"line":998,"column":27}},"998":{"start":{"line":999,"column":0},"end":{"line":999,"column":36}},"999":{"start":{"line":1000,"column":0},"end":{"line":1000,"column":9}},"1000":{"start":{"line":1001,"column":0},"end":{"line":1001,"column":6}},"1001":{"start":{"line":1002,"column":0},"end":{"line":1002,"column":13}},"1002":{"start":{"line":1003,"column":0},"end":{"line":1003,"column":22}},"1003":{"start":{"line":1004,"column":0},"end":{"line":1004,"column":20}},"1004":{"start":{"line":1005,"column":0},"end":{"line":1005,"column":65}},"1005":{"start":{"line":1006,"column":0},"end":{"line":1006,"column":6}},"1006":{"start":{"line":1007,"column":0},"end":{"line":1007,"column":19}},"1007":{"start":{"line":1008,"column":0},"end":{"line":1008,"column":27}},"1008":{"start":{"line":1009,"column":0},"end":{"line":1009,"column":19}},"1009":{"start":{"line":1010,"column":0},"end":{"line":1010,"column":19}},"1010":{"start":{"line":1011,"column":0},"end":{"line":1011,"column":5}},"1011":{"start":{"line":1012,"column":0},"end":{"line":1012,"column":1}}},"s":{"2":1,"3":1,"4":1,"5":1,"6":1,"7":1,"8":1,"9":1,"10":1,"11":1,"12":1,"13":1,"14":1,"15":1,"16":1,"17":1,"18":1,"19":1,"20":1,"21":1,"22":1,"23":1,"24":1,"25":1,"26":1,"27":1,"28":1,"29":1,"30":1,"31":1,"32":1,"33":1,"34":1,"35":1,"36":1,"37":1,"38":1,"39":1,"40":1,"41":1,"42":1,"43":1,"44":1,"45":1,"46":1,"47":1,"48":1,"49":1,"50":1,"51":1,"52":1,"53":1,"54":1,"55":1,"56":1,"57":1,"58":1,"59":1,"60":1,"61":1,"62":1,"63":1,"64":1,"65":1,"66":1,"67":1,"68":1,"69":1,"70":1,"71":1,"72":1,"73":1,"74":1,"75":1,"76":1,"77":1,"78":1,"79":1,"80":1,"81":1,"82":1,"83":1,"84":1,"85":1,"86":1,"87":1,"88":1,"89":1,"90":1,"91":1,"92":1,"93":1,"94":1,"95":1,"96":1,"97":1,"98":1,"99":1,"100":1,"101":1,"102":1,"103":1,"104":1,"105":1,"106":1,"107":1,"108":1,"109":1,"110":1,"111":1,"112":1,"113":1,"114":1,"115":1,"116":1,"117":1,"118":1,"119":1,"120":1,"121":1,"122":1,"123":1,"124":1,"125":1,"126":1,"127":1,"128":1,"129":1,"130":1,"131":1,"132":1,"133":1,"134":1,"135":1,"136":1,"137":1,"138":1,"139":1,"140":1,"141":1,"142":1,"143":1,"144":1,"145":1,"146":1,"147":1,"148":1,"149":1,"150":1,"151":1,"152":1,"153":1,"154":1,"155":1,"156":1,"157":1,"158":1,"159":1,"160":1,"161":1,"162":1,"163":1,"164":1,"165":1,"166":1,"167":1,"168":1,"169":1,"170":1,"171":1,"172":1,"173":1,"174":1,"175":1,"176":1,"177":1,"178":1,"179":1,"180":1,"181":1,"182":1,"183":1,"184":1,"185":1,"186":1,"187":1,"188":1,"189":1,"190":1,"191":1,"192":1,"193":1,"194":1,"195":1,"196":1,"197":1,"198":1,"199":1,"200":1,"201":1,"202":1,"203":1,"204":1,"205":1,"206":1,"207":1,"208":1,"209":1,"210":1,"211":1,"212":1,"213":1,"214":1,"215":1,"216":1,"217":1,"218":1,"219":1,"220":1,"221":1,"222":1,"223":1,"224":1,"225":1,"226":1,"227":1,"228":1,"229":1,"230":1,"231":1,"232":1,"233":1,"234":1,"235":1,"236":1,"237":1,"238":1,"239":1,"240":1,"241":1,"242":1,"243":1,"244":1,"245":1,"246":1,"247":1,"248":1,"249":1,"250":1,"251":1,"252":1,"253":1,"254":1,"255":1,"256":1,"257":1,"258":1,"259":1,"260":1,"261":1,"262":1,"263":1,"264":1,"265":1,"266":1,"267":1,"268":1,"269":1,"270":1,"271":1,"272":1,"273":1,"274":1,"275":1,"276":1,"277":1,"278":1,"279":1,"280":1,"281":1,"282":1,"283":1,"284":1,"285":1,"286":1,"287":1,"288":1,"289":1,"290":1,"291":1,"292":1,"293":1,"294":1,"295":1,"296":1,"297":1,"298":1,"299":1,"300":1,"301":1,"302":1,"303":1,"304":1,"305":1,"306":1,"307":1,"308":1,"309":1,"310":1,"311":1,"312":1,"313":1,"314":1,"315":1,"316":1,"317":1,"318":1,"319":1,"320":1,"321":1,"322":1,"323":1,"324":1,"325":1,"326":1,"327":1,"328":1,"329":1,"330":1,"331":1,"332":1,"333":1,"334":1,"335":1,"336":1,"337":1,"338":1,"339":1,"340":1,"341":1,"342":1,"343":1,"344":1,"345":1,"346":1,"347":1,"348":1,"349":1,"350":1,"351":1,"352":1,"353":1,"354":1,"355":1,"356":1,"357":1,"358":1,"359":1,"360":1,"361":1,"362":1,"363":1,"364":1,"365":1,"366":1,"367":1,"368":1,"369":1,"370":1,"371":1,"372":1,"373":1,"374":1,"375":1,"376":1,"377":1,"378":1,"379":1,"380":1,"381":1,"382":1,"383":1,"384":1,"385":1,"386":1,"387":1,"388":1,"389":1,"390":1,"391":1,"392":1,"393":1,"394":1,"395":1,"396":1,"397":1,"398":1,"399":1,"400":1,"401":1,"402":1,"403":1,"404":1,"405":1,"406":1,"407":1,"408":1,"409":1,"410":1,"411":1,"412":1,"413":1,"414":1,"415":1,"416":1,"417":1,"418":1,"419":1,"420":1,"421":1,"422":1,"423":1,"424":1,"425":1,"426":1,"427":1,"428":1,"429":1,"430":1,"431":1,"432":1,"433":1,"434":1,"435":1,"436":1,"437":1,"438":1,"439":1,"440":1,"441":1,"442":1,"443":1,"444":1,"445":1,"446":1,"447":1,"448":1,"449":1,"450":1,"451":1,"452":1,"453":1,"454":1,"455":1,"456":1,"457":1,"458":1,"459":1,"460":1,"461":1,"462":1,"463":1,"464":1,"465":1,"466":1,"467":1,"468":1,"469":1,"470":1,"471":1,"472":1,"473":1,"474":1,"475":1,"476":1,"477":1,"478":1,"479":1,"480":1,"481":1,"482":1,"483":1,"484":1,"485":1,"486":1,"487":1,"488":1,"489":1,"490":1,"491":1,"492":1,"493":1,"494":1,"495":1,"496":1,"497":1,"498":1,"499":1,"500":1,"501":1,"502":1,"503":1,"504":1,"505":1,"506":1,"507":1,"508":1,"509":1,"510":1,"511":1,"512":1,"513":1,"514":1,"515":1,"516":1,"517":1,"518":1,"519":1,"520":1,"521":1,"522":1,"523":1,"524":1,"525":1,"526":1,"527":1,"528":1,"529":1,"530":1,"531":1,"532":1,"533":1,"534":1,"535":1,"536":1,"537":1,"538":1,"539":1,"540":1,"541":1,"542":1,"543":1,"544":1,"545":1,"546":1,"547":1,"548":1,"549":1,"550":1,"551":1,"552":1,"553":1,"554":1,"555":1,"556":1,"557":1,"558":1,"559":1,"560":1,"561":1,"562":1,"563":1,"564":1,"565":1,"566":1,"567":1,"568":1,"569":1,"570":1,"571":1,"572":1,"573":1,"574":1,"575":1,"576":1,"577":1,"578":1,"579":1,"580":1,"581":1,"582":1,"583":1,"584":1,"585":1,"586":1,"587":1,"588":1,"589":1,"590":1,"591":1,"592":1,"593":1,"594":1,"595":1,"596":1,"597":1,"598":1,"599":1,"600":1,"601":1,"602":1,"603":1,"604":1,"605":1,"606":1,"607":1,"608":1,"609":1,"610":1,"611":1,"612":1,"613":1,"614":1,"615":1,"616":1,"617":1,"618":1,"619":1,"620":1,"621":1,"622":1,"623":1,"624":1,"625":1,"626":1,"627":1,"628":1,"629":1,"630":1,"631":1,"632":1,"633":1,"634":1,"635":1,"636":1,"637":1,"638":1,"639":1,"640":1,"641":1,"642":1,"643":1,"644":1,"645":1,"646":1,"647":1,"648":1,"649":1,"650":1,"651":1,"652":1,"653":1,"654":1,"655":1,"656":1,"657":1,"658":1,"659":1,"660":1,"661":1,"662":1,"663":1,"664":1,"665":1,"666":1,"667":1,"668":1,"669":1,"670":1,"671":1,"672":1,"673":1,"674":1,"675":1,"676":1,"677":1,"678":1,"679":1,"680":1,"681":1,"682":1,"683":1,"684":1,"685":1,"686":1,"687":1,"688":1,"689":1,"690":1,"691":1,"692":1,"693":1,"694":1,"695":1,"696":1,"697":1,"698":1,"699":1,"700":1,"701":1,"702":1,"703":1,"704":1,"705":1,"706":1,"707":1,"708":1,"709":1,"710":1,"711":1,"712":1,"713":1,"714":1,"715":1,"716":1,"717":1,"718":1,"719":1,"720":1,"721":1,"722":1,"723":1,"724":1,"725":1,"726":1,"727":1,"728":1,"729":1,"730":1,"731":1,"732":1,"733":1,"734":1,"735":1,"736":1,"737":1,"738":1,"739":1,"740":1,"741":1,"742":1,"743":1,"744":1,"745":1,"746":1,"747":1,"748":1,"749":1,"750":1,"751":1,"752":1,"753":1,"754":1,"755":1,"756":1,"757":1,"758":1,"759":1,"760":1,"761":1,"762":1,"763":1,"764":1,"765":1,"766":1,"767":1,"768":1,"769":1,"770":1,"771":1,"772":1,"773":1,"774":1,"775":1,"776":1,"777":1,"778":1,"779":1,"780":1,"781":1,"782":1,"783":1,"784":1,"785":1,"786":1,"787":1,"788":1,"789":1,"790":1,"791":1,"792":1,"793":1,"794":1,"795":1,"796":1,"797":1,"798":1,"799":1,"800":1,"801":1,"802":1,"803":1,"804":1,"805":1,"806":1,"807":1,"808":1,"809":1,"810":1,"811":1,"812":1,"813":1,"814":1,"815":1,"816":1,"817":1,"818":1,"819":1,"820":1,"821":1,"822":1,"823":1,"824":1,"825":1,"826":1,"827":1,"828":1,"829":1,"830":1,"831":1,"832":1,"833":1,"834":1,"835":1,"836":1,"837":1,"838":1,"839":1,"840":1,"841":1,"842":1,"843":1,"844":1,"845":1,"846":1,"847":1,"848":1,"849":1,"850":1,"851":1,"852":1,"853":1,"854":1,"855":1,"856":1,"857":1,"858":1,"859":1,"860":1,"861":1,"862":1,"863":1,"864":1,"865":1,"866":1,"867":1,"868":1,"869":1,"870":1,"871":1,"872":1,"873":1,"874":1,"875":1,"876":1,"877":1,"878":1,"879":1,"880":1,"881":1,"882":1,"883":1,"884":1,"885":1,"886":1,"887":1,"888":1,"889":1,"890":1,"891":1,"892":1,"893":1,"894":1,"895":1,"896":1,"897":1,"898":1,"899":1,"900":1,"901":1,"902":1,"903":1,"904":1,"905":1,"906":1,"907":1,"908":1,"909":1,"910":1,"911":1,"912":1,"913":1,"914":1,"915":1,"916":1,"917":1,"918":1,"919":1,"920":1,"921":1,"922":1,"923":1,"924":1,"925":1,"926":1,"927":1,"928":1,"929":1,"930":1,"931":1,"932":1,"933":1,"934":1,"935":1,"936":1,"937":1,"938":1,"939":1,"940":1,"941":1,"942":1,"943":1,"944":1,"945":1,"946":1,"947":1,"948":1,"949":1,"950":1,"951":1,"952":1,"953":1,"954":1,"955":1,"956":1,"957":1,"958":1,"959":1,"960":1,"961":1,"962":1,"963":1,"964":1,"965":1,"966":1,"967":1,"968":1,"969":1,"970":1,"971":1,"972":1,"973":1,"974":1,"975":1,"976":1,"977":1,"978":1,"979":1,"980":1,"981":1,"982":1,"983":1,"984":1,"985":1,"986":1,"987":1,"988":1,"989":1,"990":1,"991":1,"992":1,"993":1,"994":1,"995":1,"996":1,"997":1,"998":1,"999":1,"1000":1,"1001":1,"1002":1,"1003":1,"1004":1,"1005":1,"1006":1,"1007":1,"1008":1,"1009":1,"1010":1,"1011":1},"branchMap":{},"b":{},"fnMap":{},"f":{}}
,"C:\\projects\\front\\react-2025\\gifsApp\\src\\shared\\components\\CustomHeader.tsx": {"path":"C:\\projects\\front\\react-2025\\gifsApp\\src\\shared\\components\\CustomHeader.tsx","all":false,"statementMap":{"4":{"start":{"line":5,"column":0},"end":{"line":5,"column":65}},"5":{"start":{"line":6,"column":0},"end":{"line":6,"column":10}},"6":{"start":{"line":7,"column":0},"end":{"line":7,"column":6}},"7":{"start":{"line":8,"column":0},"end":{"line":8,"column":40}},"8":{"start":{"line":9,"column":0},"end":{"line":9,"column":24}},"9":{"start":{"line":10,"column":0},"end":{"line":10,"column":48}},"13":{"start":{"line":14,"column":0},"end":{"line":14,"column":1}}},"s":{"4":1,"5":4,"6":4,"7":4,"8":4,"9":4,"13":4},"branchMap":{"0":{"type":"branch","line":5,"loc":{"start":{"line":5,"column":28},"end":{"line":14,"column":1}},"locations":[{"start":{"line":5,"column":28},"end":{"line":14,"column":1}}]}},"b":{"0":[4]},"fnMap":{"0":{"name":"CustomHeader","decl":{"start":{"line":5,"column":28},"end":{"line":14,"column":1}},"loc":{"start":{"line":5,"column":28},"end":{"line":14,"column":1}},"line":5}},"f":{"0":4}}
,"C:\\projects\\front\\react-2025\\gifsApp\\src\\shared\\components\\SearchBar.tsx": {"path":"C:\\projects\\front\\react-2025\\gifsApp\\src\\shared\\components\\SearchBar.tsx","all":false,"statementMap":{"0":{"start":{"line":1,"column":0},"end":{"line":1,"column":44}},"6":{"start":{"line":7,"column":0},"end":{"line":7,"column":66}},"7":{"start":{"line":8,"column":0},"end":{"line":8,"column":41}},"8":{"start":{"line":9,"column":0},"end":{"line":9,"column":19}},"10":{"start":{"line":11,"column":0},"end":{"line":11,"column":39}},"11":{"start":{"line":12,"column":0},"end":{"line":12,"column":20}},"12":{"start":{"line":13,"column":0},"end":{"line":13,"column":12}},"14":{"start":{"line":15,"column":0},"end":{"line":15,"column":17}},"15":{"start":{"line":16,"column":0},"end":{"line":16,"column":29}},"16":{"start":{"line":17,"column":0},"end":{"line":17,"column":5}},"17":{"start":{"line":18,"column":0},"end":{"line":18,"column":23}},"19":{"start":{"line":20,"column":0},"end":{"line":20,"column":30}},"20":{"start":{"line":21,"column":0},"end":{"line":21,"column":19}},"21":{"start":{"line":22,"column":0},"end":{"line":22,"column":16}},"22":{"start":{"line":23,"column":0},"end":{"line":23,"column":4}},"24":{"start":{"line":25,"column":0},"end":{"line":25,"column":75}},"25":{"start":{"line":26,"column":0},"end":{"line":26,"column":32}},"26":{"start":{"line":27,"column":0},"end":{"line":27,"column":21}},"27":{"start":{"line":28,"column":0},"end":{"line":28,"column":5}},"28":{"start":{"line":29,"column":0},"end":{"line":29,"column":4}},"30":{"start":{"line":31,"column":0},"end":{"line":31,"column":10}},"31":{"start":{"line":32,"column":0},"end":{"line":32,"column":38}},"32":{"start":{"line":33,"column":0},"end":{"line":33,"column":12}},"33":{"start":{"line":34,"column":0},"end":{"line":34,"column":19}},"34":{"start":{"line":35,"column":0},"end":{"line":35,"column":15}},"35":{"start":{"line":36,"column":0},"end":{"line":36,"column":21}},"36":{"start":{"line":37,"column":0},"end":{"line":37,"column":58}},"37":{"start":{"line":38,"column":0},"end":{"line":38,"column":58}},"38":{"start":{"line":39,"column":0},"end":{"line":39,"column":33}},"40":{"start":{"line":41,"column":0},"end":{"line":41,"column":52}},"43":{"start":{"line":44,"column":0},"end":{"line":44,"column":2}}},"s":{"0":1,"6":1,"7":11,"8":11,"10":11,"11":2,"12":11,"14":11,"15":11,"16":11,"17":11,"19":11,"20":1,"21":1,"22":1,"24":11,"25":0,"26":0,"27":0,"28":0,"30":11,"31":11,"32":11,"33":11,"34":11,"35":11,"36":11,"37":11,"38":11,"40":11,"43":11},"branchMap":{"0":{"type":"branch","line":7,"loc":{"start":{"line":7,"column":28},"end":{"line":44,"column":2}},"locations":[{"start":{"line":7,"column":28},"end":{"line":44,"column":2}}]},"1":{"type":"branch","line":38,"loc":{"start":{"line":38,"column":21},"end":{"line":38,"column":49}},"locations":[{"start":{"line":38,"column":21},"end":{"line":38,"column":49}}]},"2":{"type":"branch","line":38,"loc":{"start":{"line":38,"column":35},"end":{"line":38,"column":58}},"locations":[{"start":{"line":38,"column":35},"end":{"line":38,"column":58}}]},"3":{"type":"branch","line":9,"loc":{"start":{"line":9,"column":12},"end":{"line":18,"column":5}},"locations":[{"start":{"line":9,"column":12},"end":{"line":18,"column":5}}]},"4":{"type":"branch","line":11,"loc":{"start":{"line":11,"column":33},"end":{"line":13,"column":8}},"locations":[{"start":{"line":11,"column":33},"end":{"line":13,"column":8}}]},"5":{"type":"branch","line":15,"loc":{"start":{"line":15,"column":11},"end":{"line":17,"column":5}},"locations":[{"start":{"line":15,"column":11},"end":{"line":17,"column":5}}]},"6":{"type":"branch","line":20,"loc":{"start":{"line":20,"column":23},"end":{"line":23,"column":4}},"locations":[{"start":{"line":20,"column":23},"end":{"line":23,"column":4}}]},"7":{"type":"branch","line":37,"loc":{"start":{"line":37,"column":18},"end":{"line":37,"column":58}},"locations":[{"start":{"line":37,"column":18},"end":{"line":37,"column":58}}]}},"b":{"0":[11],"1":[2],"2":[9],"3":[11],"4":[2],"5":[11],"6":[1],"7":[4]},"fnMap":{"0":{"name":"CustomSearch","decl":{"start":{"line":7,"column":28},"end":{"line":44,"column":2}},"loc":{"start":{"line":7,"column":28},"end":{"line":44,"column":2}},"line":7},"1":{"name":"handleSearch","decl":{"start":{"line":20,"column":23},"end":{"line":23,"column":4}},"loc":{"start":{"line":20,"column":23},"end":{"line":23,"column":4}},"line":20},"2":{"name":"handleKeyDown","decl":{"start":{"line":25,"column":24},"end":{"line":29,"column":4}},"loc":{"start":{"line":25,"column":24},"end":{"line":29,"column":4}},"line":25},"3":{"name":"onChange","decl":{"start":{"line":37,"column":18},"end":{"line":37,"column":58}},"loc":{"start":{"line":37,"column":18},"end":{"line":37,"column":58}},"line":37}},"f":{"0":11,"1":1,"2":0,"3":4}}
}
